16:11:57.825 [background-preinit] INFO  o.h.v.i.util.Version - [<clinit>,21] - HV000001: Hibernate Validator 6.2.0.Final
16:11:57.824 [restartedMain] INFO  c.e.ErpCrmApplication - [logStarting,55] - Starting ErpCrmApplication using Java 17.0.6 on UNKNNOW with PID 28888 (D:\projects\erp-crm\center\target\classes started by 14280 in D:\projects\erp-crm)
16:11:57.826 [restartedMain] INFO  c.e.ErpCrmApplication - [logStartupProfileInfo,674] - The following profiles are active: druid
16:11:59.926 [restartedMain] INFO  o.a.c.h.Http11NioProtocol - [log,173] - Initializing ProtocolHandler ["http-nio-8080"]
16:11:59.927 [restartedMain] INFO  o.a.c.c.StandardService - [log,173] - Starting service [Tomcat]
16:11:59.927 [restartedMain] INFO  o.a.c.c.StandardEngine - [log,173] - Starting Servlet engine: [Apache Tomcat/9.0.56]
16:11:59.986 [restartedMain] INFO  o.a.c.c.C.[.[.[/] - [log,173] - Initializing Spring embedded WebApplicationContext
16:12:02.726 [restartedMain] INFO  o.a.c.h.Http11NioProtocol - [log,173] - Starting ProtocolHandler ["http-nio-8080"]
16:12:02.890 [restartedMain] INFO  c.e.ErpCrmApplication - [logStarted,61] - Started ErpCrmApplication in 5.33 seconds (JVM running for 5.922)
16:12:24.557 [SpringApplicationShutdownHook] INFO  sys-user - [shutdownAsyncManager,28] - ====关闭后台任务任务线程池====
16:42:12.874 [restartedMain] INFO  c.e.ErpCrmApplication - [logStarting,55] - Starting ErpCrmApplication using Java 17.0.6 on UNKNNOW with PID 30276 (D:\projects\erp-crm\center\target\classes started by 14280 in D:\projects\erp-crm)
16:42:12.880 [restartedMain] INFO  c.e.ErpCrmApplication - [logStartupProfileInfo,674] - The following profiles are active: druid
16:42:12.880 [background-preinit] INFO  o.h.v.i.util.Version - [<clinit>,21] - HV000001: Hibernate Validator 6.2.0.Final
16:42:15.186 [restartedMain] INFO  o.a.c.h.Http11NioProtocol - [log,173] - Initializing ProtocolHandler ["http-nio-8080"]
16:42:15.186 [restartedMain] INFO  o.a.c.c.StandardService - [log,173] - Starting service [Tomcat]
16:42:15.186 [restartedMain] INFO  o.a.c.c.StandardEngine - [log,173] - Starting Servlet engine: [Apache Tomcat/9.0.56]
16:42:15.251 [restartedMain] INFO  o.a.c.c.C.[.[.[/] - [log,173] - Initializing Spring embedded WebApplicationContext
16:42:17.464 [restartedMain] INFO  o.a.c.h.Http11NioProtocol - [log,173] - Starting ProtocolHandler ["http-nio-8080"]
16:42:17.646 [restartedMain] INFO  c.e.ErpCrmApplication - [logStarted,61] - Started ErpCrmApplication in 5.115 seconds (JVM running for 5.797)
16:42:22.750 [http-nio-8080-exec-1] INFO  o.a.c.c.C.[.[.[/] - [log,173] - Initializing Spring DispatcherServlet 'dispatcherServlet'
16:43:01.766 [http-nio-8080-exec-3] INFO  c.e.a.i.TenantInterceptor - [preHandle,46] - &&&&&&&&&&&&&&&& 租户拦截 &&&&&&&&&&&&&&&&
16:43:01.846 [http-nio-8080-exec-3] INFO  c.a.d.p.DruidDataSource - [init,998] - {dataSource-1} inited
16:43:02.182 [Druid-ConnectionPool-Create-289510711] INFO  c.a.d.p.DruidAbstractDataSource - [setFailContinuous,1804] - {dataSource-1} failContinuous is true
16:46:29.516 [SpringApplicationShutdownHook] INFO  sys-user - [shutdownAsyncManager,28] - ====关闭后台任务任务线程池====
16:47:21.526 [background-preinit] INFO  o.h.v.i.util.Version - [<clinit>,21] - HV000001: Hibernate Validator 6.2.0.Final
16:47:21.524 [restartedMain] INFO  c.e.ErpCrmApplication - [logStarting,55] - Starting ErpCrmApplication using Java 17.0.6 on UNKNNOW with PID 36852 (D:\projects\erp-crm\center\target\classes started by 14280 in D:\projects\erp-crm)
16:47:21.526 [restartedMain] INFO  c.e.ErpCrmApplication - [logStartupProfileInfo,674] - The following profiles are active: druid
16:47:23.329 [restartedMain] INFO  o.a.c.h.Http11NioProtocol - [log,173] - Initializing ProtocolHandler ["http-nio-8080"]
16:47:23.329 [restartedMain] INFO  o.a.c.c.StandardService - [log,173] - Starting service [Tomcat]
16:47:23.329 [restartedMain] INFO  o.a.c.c.StandardEngine - [log,173] - Starting Servlet engine: [Apache Tomcat/9.0.56]
16:47:23.400 [restartedMain] INFO  o.a.c.c.C.[.[.[/] - [log,173] - Initializing Spring embedded WebApplicationContext
16:47:25.872 [restartedMain] INFO  o.a.c.h.Http11NioProtocol - [log,173] - Starting ProtocolHandler ["http-nio-8080"]
16:47:26.064 [restartedMain] INFO  c.e.ErpCrmApplication - [logStarted,61] - Started ErpCrmApplication in 4.777 seconds (JVM running for 5.351)
16:47:26.497 [http-nio-8080-exec-1] INFO  o.a.c.c.C.[.[.[/] - [log,173] - Initializing Spring DispatcherServlet 'dispatcherServlet'
16:47:33.779 [http-nio-8080-exec-4] INFO  c.e.a.i.TenantInterceptor - [preHandle,46] - &&&&&&&&&&&&&&&& 租户拦截 &&&&&&&&&&&&&&&&
16:47:33.828 [http-nio-8080-exec-4] INFO  c.a.d.p.DruidDataSource - [init,998] - {dataSource-1} inited
16:47:33.968 [Druid-ConnectionPool-Create-841397991] INFO  c.a.d.p.DruidAbstractDataSource - [setFailContinuous,1804] - {dataSource-1} failContinuous is true
16:47:52.391 [Thread-4] INFO  sys-user - [shutdownAsyncManager,28] - ====关闭后台任务任务线程池====
16:48:05.609 [restartedMain] INFO  c.e.ErpCrmApplication - [logStarting,55] - Starting ErpCrmApplication using Java 17.0.6 on UNKNNOW with PID 36852 (D:\projects\erp-crm\center\target\classes started by 14280 in D:\projects\erp-crm)
16:48:05.609 [restartedMain] INFO  c.e.ErpCrmApplication - [logStartupProfileInfo,674] - The following profiles are active: druid
16:48:07.581 [restartedMain] INFO  c.e.ErpCrmApplication - [logStarted,61] - Started ErpCrmApplication in 1.997 seconds (JVM running for 46.867)
16:48:07.606 [SpringApplicationShutdownHook] INFO  sys-user - [shutdownAsyncManager,28] - ====关闭后台任务任务线程池====
16:48:10.603 [background-preinit] INFO  o.h.v.i.util.Version - [<clinit>,21] - HV000001: Hibernate Validator 6.2.0.Final
16:48:10.604 [restartedMain] INFO  c.e.ErpCrmApplication - [logStarting,55] - Starting ErpCrmApplication using Java 17.0.6 on UNKNNOW with PID 36088 (D:\projects\erp-crm\center\target\classes started by 14280 in D:\projects\erp-crm)
16:48:10.605 [restartedMain] INFO  c.e.ErpCrmApplication - [logStartupProfileInfo,674] - The following profiles are active: druid
16:48:12.377 [restartedMain] INFO  o.a.c.h.Http11NioProtocol - [log,173] - Initializing ProtocolHandler ["http-nio-8080"]
16:48:12.377 [restartedMain] INFO  o.a.c.c.StandardService - [log,173] - Starting service [Tomcat]
16:48:12.377 [restartedMain] INFO  o.a.c.c.StandardEngine - [log,173] - Starting Servlet engine: [Apache Tomcat/9.0.56]
16:48:12.435 [restartedMain] INFO  o.a.c.c.C.[.[.[/] - [log,173] - Initializing Spring embedded WebApplicationContext
16:48:14.595 [restartedMain] INFO  o.a.c.h.Http11NioProtocol - [log,173] - Starting ProtocolHandler ["http-nio-8080"]
16:48:14.760 [restartedMain] INFO  c.e.ErpCrmApplication - [logStarted,61] - Started ErpCrmApplication in 4.392 seconds (JVM running for 5.01)
16:48:14.981 [http-nio-8080-exec-1] INFO  o.a.c.c.C.[.[.[/] - [log,173] - Initializing Spring DispatcherServlet 'dispatcherServlet'
16:48:20.088 [http-nio-8080-exec-3] INFO  c.e.a.i.TenantInterceptor - [preHandle,46] - &&&&&&&&&&&&&&&& 租户拦截 &&&&&&&&&&&&&&&&
16:48:20.138 [http-nio-8080-exec-3] INFO  c.a.d.p.DruidDataSource - [init,998] - {dataSource-1} inited
16:48:27.896 [http-nio-8080-exec-5] INFO  c.e.a.i.TenantInterceptor - [preHandle,46] - &&&&&&&&&&&&&&&& 租户拦截 &&&&&&&&&&&&&&&&
16:49:33.344 [SpringApplicationShutdownHook] INFO  sys-user - [shutdownAsyncManager,28] - ====关闭后台任务任务线程池====
16:49:35.318 [background-preinit] INFO  o.h.v.i.util.Version - [<clinit>,21] - HV000001: Hibernate Validator 6.2.0.Final
16:49:35.319 [restartedMain] INFO  c.e.ErpCrmApplication - [logStarting,55] - Starting ErpCrmApplication using Java 17.0.6 on UNKNNOW with PID 32092 (D:\projects\erp-crm\center\target\classes started by 14280 in D:\projects\erp-crm)
16:49:35.320 [restartedMain] INFO  c.e.ErpCrmApplication - [logStartupProfileInfo,674] - The following profiles are active: druid
16:49:36.976 [restartedMain] INFO  o.a.c.h.Http11NioProtocol - [log,173] - Initializing ProtocolHandler ["http-nio-8080"]
16:49:36.977 [restartedMain] INFO  o.a.c.c.StandardService - [log,173] - Starting service [Tomcat]
16:49:36.977 [restartedMain] INFO  o.a.c.c.StandardEngine - [log,173] - Starting Servlet engine: [Apache Tomcat/9.0.56]
16:49:37.036 [restartedMain] INFO  o.a.c.c.C.[.[.[/] - [log,173] - Initializing Spring embedded WebApplicationContext
16:49:38.937 [restartedMain] INFO  o.a.c.h.Http11NioProtocol - [log,173] - Starting ProtocolHandler ["http-nio-8080"]
16:49:39.097 [restartedMain] INFO  c.e.ErpCrmApplication - [logStarted,61] - Started ErpCrmApplication in 4.0 seconds (JVM running for 4.498)
16:49:39.590 [http-nio-8080-exec-1] INFO  o.a.c.c.C.[.[.[/] - [log,173] - Initializing Spring DispatcherServlet 'dispatcherServlet'
16:49:43.706 [http-nio-8080-exec-2] INFO  c.e.a.i.TenantInterceptor - [preHandle,46] - &&&&&&&&&&&&&&&& 租户拦截 &&&&&&&&&&&&&&&&
16:49:43.764 [http-nio-8080-exec-2] INFO  c.a.d.p.DruidDataSource - [init,998] - {dataSource-1} inited
16:49:49.050 [http-nio-8080-exec-4] INFO  c.e.a.i.TenantInterceptor - [preHandle,46] - &&&&&&&&&&&&&&&& 租户拦截 &&&&&&&&&&&&&&&&
17:11:44.735 [http-nio-8080-exec-7] INFO  c.e.a.i.TenantInterceptor - [preHandle,46] - &&&&&&&&&&&&&&&& 租户拦截 &&&&&&&&&&&&&&&&
17:12:59.271 [http-nio-8080-exec-10] INFO  c.e.a.i.TenantInterceptor - [preHandle,46] - &&&&&&&&&&&&&&&& 租户拦截 &&&&&&&&&&&&&&&&
17:12:59.282 [http-nio-8080-exec-10] INFO  c.e.a.i.TenantInterceptor - [preHandle,67] - &&&&&&&&&&& 已设置租户:tenant1 连接信息: MasterTenant(id=1, tenant=tenant1, url=jdbc:mysql://localhost:3306/ec_KWEbSrWI?useUnicode=true&characterEncoding=utf8&zeroDateTimeBehavior=convertToNull&useSSL=true&serverTimezone=GMT%2B8, databaseName=ec_KWEbSrWI, username=ec_KWEbSrWI, password=8CB7go3k, hostName=null, status=1, expirationDate=Sun Jul 27 00:00:00 GMT+08:00 2025)
17:12:59.390 [http-nio-8080-exec-10] INFO  c.a.d.p.DruidDataSource - [init,998] - {dataSource-2} inited
17:12:59.411 [Druid-ConnectionPool-Create-315016291] INFO  c.a.d.p.DruidAbstractDataSource - [setFailContinuous,1804] - {dataSource-2} failContinuous is true
17:13:16.491 [http-nio-8080-exec-12] INFO  c.e.a.i.TenantInterceptor - [preHandle,46] - &&&&&&&&&&&&&&&& 租户拦截 &&&&&&&&&&&&&&&&
17:13:16.492 [http-nio-8080-exec-12] INFO  c.e.a.i.TenantInterceptor - [preHandle,69] - &&&&&&&&&&& 当前租户:tenant1
17:13:16.534 [schedule-pool-1] INFO  sys-user - [run,59] - [127.0.0.1]内网IP[admin][Error][验证码错误]
17:13:30.715 [http-nio-8080-exec-16] INFO  c.e.a.i.TenantInterceptor - [preHandle,46] - &&&&&&&&&&&&&&&& 租户拦截 &&&&&&&&&&&&&&&&
17:13:30.715 [http-nio-8080-exec-16] INFO  c.e.a.i.TenantInterceptor - [preHandle,69] - &&&&&&&&&&& 当前租户:tenant1
17:15:41.305 [Thread-4] INFO  sys-user - [shutdownAsyncManager,28] - ====关闭后台任务任务线程池====
17:15:51.155 [restartedMain] INFO  c.e.ErpCrmApplication - [logStarting,55] - Starting ErpCrmApplication using Java 17.0.6 on UNKNNOW with PID 32804 (D:\projects\erp-crm\center\target\classes started by 14280 in D:\projects\erp-crm)
17:15:51.157 [restartedMain] INFO  c.e.ErpCrmApplication - [logStartupProfileInfo,674] - The following profiles are active: druid
17:15:51.158 [background-preinit] INFO  o.h.v.i.util.Version - [<clinit>,21] - HV000001: Hibernate Validator 6.2.0.Final
17:15:53.185 [restartedMain] INFO  o.a.c.h.Http11NioProtocol - [log,173] - Initializing ProtocolHandler ["http-nio-8080"]
17:15:53.186 [restartedMain] INFO  o.a.c.c.StandardService - [log,173] - Starting service [Tomcat]
17:15:53.186 [restartedMain] INFO  o.a.c.c.StandardEngine - [log,173] - Starting Servlet engine: [Apache Tomcat/9.0.56]
17:15:53.251 [restartedMain] INFO  o.a.c.c.C.[.[.[/] - [log,173] - Initializing Spring embedded WebApplicationContext
17:15:55.608 [restartedMain] INFO  o.a.c.h.Http11NioProtocol - [log,173] - Starting ProtocolHandler ["http-nio-8080"]
17:15:55.807 [restartedMain] INFO  c.e.ErpCrmApplication - [logStarted,61] - Started ErpCrmApplication in 4.967 seconds (JVM running for 5.65)
17:15:57.707 [http-nio-8080-exec-1] INFO  o.a.c.c.C.[.[.[/] - [log,173] - Initializing Spring DispatcherServlet 'dispatcherServlet'
17:16:02.674 [http-nio-8080-exec-2] INFO  c.e.a.i.TenantInterceptor - [preHandle,46] - &&&&&&&&&&&&&&&& 租户拦截 &&&&&&&&&&&&&&&&
17:16:02.751 [http-nio-8080-exec-2] INFO  c.a.d.p.DruidDataSource - [init,998] - {dataSource-1} inited
17:16:03.140 [http-nio-8080-exec-2] INFO  c.e.a.i.TenantInterceptor - [preHandle,67] - &&&&&&&&&&& 已设置租户:tenant1 连接信息: MasterTenant(id=1, tenant=tenant1, url=jdbc:mysql://localhost:3306/ec_KWEbSrWI?useUnicode=true&characterEncoding=utf8&zeroDateTimeBehavior=convertToNull&useSSL=true&serverTimezone=GMT%2B8, databaseName=ec_KWEbSrWI, username=ec_KWEbSrWI, password=8CB7go3k, hostName=localhost, status=1, expirationDate=Sun Jul 27 00:00:00 GMT+08:00 2025)
17:16:03.242 [schedule-pool-1] INFO  sys-user - [run,59] - [127.0.0.1]内网IP[admin][Error][验证码错误]
17:35:24.654 [http-nio-8080-exec-4] INFO  c.e.a.i.TenantInterceptor - [preHandle,46] - &&&&&&&&&&&&&&&& 租户拦截 &&&&&&&&&&&&&&&&
17:35:24.655 [http-nio-8080-exec-4] INFO  c.e.a.i.TenantInterceptor - [preHandle,69] - &&&&&&&&&&& 当前租户:tenant1
17:35:24.681 [schedule-pool-1] INFO  sys-user - [run,59] - [127.0.0.1]内网IP[admin][Error][验证码已失效]
17:35:32.479 [http-nio-8080-exec-8] INFO  c.e.a.i.TenantInterceptor - [preHandle,46] - &&&&&&&&&&&&&&&& 租户拦截 &&&&&&&&&&&&&&&&
17:35:32.479 [http-nio-8080-exec-8] INFO  c.e.a.i.TenantInterceptor - [preHandle,69] - &&&&&&&&&&& 当前租户:tenant1
17:35:32.555 [http-nio-8080-exec-8] INFO  c.a.d.p.DruidDataSource - [init,998] - {dataSource-2} inited
17:35:32.574 [Druid-ConnectionPool-Create-1470695430] INFO  c.a.d.p.DruidAbstractDataSource - [setFailContinuous,1804] - {dataSource-2} failContinuous is true
17:36:17.707 [Thread-4] INFO  sys-user - [shutdownAsyncManager,28] - ====关闭后台任务任务线程池====
17:36:25.938 [restartedMain] INFO  c.e.ErpCrmApplication - [logStarting,55] - Starting ErpCrmApplication using Java 17.0.6 on UNKNNOW with PID 32804 (D:\projects\erp-crm\center\target\classes started by 14280 in D:\projects\erp-crm)
17:36:25.939 [restartedMain] INFO  c.e.ErpCrmApplication - [logStartupProfileInfo,674] - The following profiles are active: druid
17:36:26.896 [restartedMain] INFO  o.a.c.c.StandardService - [log,173] - Starting service [Tomcat]
17:36:26.896 [restartedMain] INFO  o.a.c.c.StandardEngine - [log,173] - Starting Servlet engine: [Apache Tomcat/9.0.56]
17:36:26.908 [restartedMain] INFO  o.a.c.c.C.[.[.[/] - [log,173] - Initializing Spring embedded WebApplicationContext
17:36:28.279 [restartedMain] INFO  c.e.ErpCrmApplication - [logStarted,61] - Started ErpCrmApplication in 2.374 seconds (JVM running for 1238.121)
17:38:07.821 [SpringApplicationShutdownHook] INFO  sys-user - [shutdownAsyncManager,28] - ====关闭后台任务任务线程池====
17:38:10.687 [background-preinit] INFO  o.h.v.i.util.Version - [<clinit>,21] - HV000001: Hibernate Validator 6.2.0.Final
17:38:10.687 [restartedMain] INFO  c.e.ErpCrmApplication - [logStarting,55] - Starting ErpCrmApplication using Java 17.0.6 on UNKNNOW with PID 12156 (D:\projects\erp-crm\center\target\classes started by 14280 in D:\projects\erp-crm)
17:38:10.689 [restartedMain] INFO  c.e.ErpCrmApplication - [logStartupProfileInfo,674] - The following profiles are active: druid
17:38:12.438 [restartedMain] INFO  o.a.c.h.Http11NioProtocol - [log,173] - Initializing ProtocolHandler ["http-nio-8080"]
17:38:12.439 [restartedMain] INFO  o.a.c.c.StandardService - [log,173] - Starting service [Tomcat]
17:38:12.439 [restartedMain] INFO  o.a.c.c.StandardEngine - [log,173] - Starting Servlet engine: [Apache Tomcat/9.0.56]
17:38:12.487 [restartedMain] INFO  o.a.c.c.C.[.[.[/] - [log,173] - Initializing Spring embedded WebApplicationContext
17:38:14.528 [restartedMain] INFO  o.a.c.h.Http11NioProtocol - [log,173] - Starting ProtocolHandler ["http-nio-8080"]
17:38:14.711 [restartedMain] INFO  c.e.ErpCrmApplication - [logStarted,61] - Started ErpCrmApplication in 4.28 seconds (JVM running for 4.766)
17:38:32.520 [http-nio-8080-exec-1] INFO  o.a.c.c.C.[.[.[/] - [log,173] - Initializing Spring DispatcherServlet 'dispatcherServlet'
17:38:38.523 [http-nio-8080-exec-3] INFO  c.e.a.i.TenantInterceptor - [preHandle,46] - &&&&&&&&&&&&&&&& 租户拦截 &&&&&&&&&&&&&&&&
17:38:38.593 [http-nio-8080-exec-3] INFO  c.a.d.p.DruidDataSource - [init,998] - {dataSource-1} inited
17:38:38.852 [http-nio-8080-exec-3] INFO  c.e.a.i.TenantInterceptor - [preHandle,67] - &&&&&&&&&&& 已设置租户:tenant4 连接信息: MasterTenant(id=23, tenant=tenant4, url=jdbc:mysql://localhost:3306/ryt_Nelub7xR?useUnicode=true&characterEncoding=utf8&zeroDateTimeBehavior=convertToNull&useSSL=true&serverTimezone=GMT%2B8, databaseName=ryt_Nelub7xR, username=ryt_Nelub7xR, password=DNTQQ7xm, hostName=null, status=1, expirationDate=Sun Mar 30 12:18:34 GMT+08:00 2025)
17:38:38.983 [http-nio-8080-exec-3] INFO  c.a.d.p.DruidDataSource - [init,998] - {dataSource-2} inited
17:38:39.014 [Druid-ConnectionPool-Create-887248298] INFO  c.a.d.p.DruidAbstractDataSource - [setFailContinuous,1804] - {dataSource-2} failContinuous is true
17:38:52.357 [SpringApplicationShutdownHook] INFO  sys-user - [shutdownAsyncManager,28] - ====关闭后台任务任务线程池====
17:40:33.311 [restartedMain] INFO  c.e.ErpCrmApplication - [logStarting,55] - Starting ErpCrmApplication using Java 17.0.6 on UNKNNOW with PID 22900 (D:\projects\erp-crm\center\target\classes started by 14280 in D:\projects\erp-crm)
17:40:33.312 [background-preinit] INFO  o.h.v.i.util.Version - [<clinit>,21] - HV000001: Hibernate Validator 6.2.0.Final
17:40:33.314 [restartedMain] INFO  c.e.ErpCrmApplication - [logStartupProfileInfo,674] - The following profiles are active: druid
17:40:35.178 [restartedMain] INFO  o.a.c.h.Http11NioProtocol - [log,173] - Initializing ProtocolHandler ["http-nio-8080"]
17:40:35.178 [restartedMain] INFO  o.a.c.c.StandardService - [log,173] - Starting service [Tomcat]
17:40:35.178 [restartedMain] INFO  o.a.c.c.StandardEngine - [log,173] - Starting Servlet engine: [Apache Tomcat/9.0.56]
17:40:35.234 [restartedMain] INFO  o.a.c.c.C.[.[.[/] - [log,173] - Initializing Spring embedded WebApplicationContext
17:40:37.374 [restartedMain] INFO  o.a.c.h.Http11NioProtocol - [log,173] - Starting ProtocolHandler ["http-nio-8080"]
17:40:37.470 [http-nio-8080-exec-1] INFO  o.a.c.c.C.[.[.[/] - [log,173] - Initializing Spring DispatcherServlet 'dispatcherServlet'
17:40:37.582 [restartedMain] INFO  c.e.ErpCrmApplication - [logStarted,61] - Started ErpCrmApplication in 4.527 seconds (JVM running for 5.008)
17:40:41.393 [http-nio-8080-exec-2] INFO  c.e.a.i.TenantInterceptor - [preHandle,46] - &&&&&&&&&&&&&&&& 租户拦截 &&&&&&&&&&&&&&&&
17:40:41.445 [http-nio-8080-exec-2] INFO  c.a.d.p.DruidDataSource - [init,998] - {dataSource-1} inited
17:40:41.618 [http-nio-8080-exec-2] INFO  c.e.a.i.TenantInterceptor - [preHandle,67] - &&&&&&&&&&& 已设置租户:tenant4 连接信息: MasterTenant(id=23, tenant=tenant4, url=jdbc:mysql://localhost:3306/ryt_Nelub7xR?useUnicode=true&characterEncoding=utf8&zeroDateTimeBehavior=convertToNull&useSSL=true&serverTimezone=GMT%2B8, databaseName=ryt_Nelub7xR, username=root, password=root, hostName=null, status=1, expirationDate=Sun Mar 30 12:18:34 GMT+08:00 2025)
17:40:41.680 [schedule-pool-1] INFO  sys-user - [run,59] - [127.0.0.1]内网IP[admin][Error][验证码错误]
17:40:45.518 [http-nio-8080-exec-4] INFO  c.e.a.i.TenantInterceptor - [preHandle,46] - &&&&&&&&&&&&&&&& 租户拦截 &&&&&&&&&&&&&&&&
17:40:45.518 [http-nio-8080-exec-4] INFO  c.e.a.i.TenantInterceptor - [preHandle,69] - &&&&&&&&&&& 当前租户:tenant4
17:40:45.595 [http-nio-8080-exec-4] INFO  c.a.d.p.DruidDataSource - [init,998] - {dataSource-2} inited
17:40:45.698 [schedule-pool-1] INFO  sys-user - [run,59] - [127.0.0.1]内网IP[admin][Error][用户不存在/密码错误]
17:41:45.832 [http-nio-8080-exec-7] INFO  c.e.a.i.TenantInterceptor - [preHandle,46] - &&&&&&&&&&&&&&&& 租户拦截 &&&&&&&&&&&&&&&&
17:41:45.832 [http-nio-8080-exec-7] INFO  c.e.a.i.TenantInterceptor - [preHandle,69] - &&&&&&&&&&& 当前租户:tenant4
17:41:45.849 [http-nio-8080-exec-7] INFO  c.e.a.w.s.UserDetailsServiceImpl - [loadUserByUsername,36] - 登录用户：root 不存在.
17:41:45.875 [schedule-pool-2] INFO  sys-user - [run,59] - [127.0.0.1]内网IP[root][Error][登录用户：root 不存在]
17:53:46.031 [http-nio-8080-exec-9] INFO  c.e.a.i.TenantInterceptor - [preHandle,46] - &&&&&&&&&&&&&&&& 租户拦截 &&&&&&&&&&&&&&&&
17:53:46.032 [http-nio-8080-exec-9] INFO  c.e.a.i.TenantInterceptor - [preHandle,69] - &&&&&&&&&&& 当前租户:tenant4
17:53:46.058 [schedule-pool-1] INFO  sys-user - [run,59] - [127.0.0.1]内网IP[root][Error][验证码已失效]
17:53:50.231 [http-nio-8080-exec-11] INFO  c.e.a.i.TenantInterceptor - [preHandle,46] - &&&&&&&&&&&&&&&& 租户拦截 &&&&&&&&&&&&&&&&
17:53:50.232 [http-nio-8080-exec-11] INFO  c.e.a.i.TenantInterceptor - [preHandle,69] - &&&&&&&&&&& 当前租户:tenant4
17:53:50.238 [http-nio-8080-exec-11] INFO  c.e.a.w.s.UserDetailsServiceImpl - [loadUserByUsername,36] - 登录用户：root 不存在.
17:53:50.259 [schedule-pool-3] INFO  sys-user - [run,59] - [127.0.0.1]内网IP[root][Error][登录用户：root 不存在]
17:54:00.327 [http-nio-8080-exec-14] INFO  c.e.a.i.TenantInterceptor - [preHandle,46] - &&&&&&&&&&&&&&&& 租户拦截 &&&&&&&&&&&&&&&&
17:54:00.327 [http-nio-8080-exec-14] INFO  c.e.a.i.TenantInterceptor - [preHandle,69] - &&&&&&&&&&& 当前租户:tenant4
17:54:00.331 [http-nio-8080-exec-14] INFO  c.e.a.w.s.UserDetailsServiceImpl - [loadUserByUsername,36] - 登录用户：root 不存在.
17:54:00.353 [schedule-pool-2] INFO  sys-user - [run,59] - [127.0.0.1]内网IP[root][Error][登录用户：root 不存在]
17:57:43.742 [http-nio-8080-exec-17] INFO  c.e.a.i.TenantInterceptor - [preHandle,46] - &&&&&&&&&&&&&&&& 租户拦截 &&&&&&&&&&&&&&&&
17:57:43.742 [http-nio-8080-exec-17] INFO  c.e.a.i.TenantInterceptor - [preHandle,69] - &&&&&&&&&&& 当前租户:tenant4
17:57:43.846 [schedule-pool-4] INFO  sys-user - [run,59] - [127.0.0.1]内网IP[admin][Success][登录成功]
17:57:44.258 [http-nio-8080-exec-18] INFO  c.e.a.i.TenantInterceptor - [preHandle,46] - &&&&&&&&&&&&&&&& 租户拦截 &&&&&&&&&&&&&&&&
17:57:44.258 [http-nio-8080-exec-18] INFO  c.e.a.i.TenantInterceptor - [preHandle,69] - &&&&&&&&&&& 当前租户:tenant4
17:57:44.477 [http-nio-8080-exec-19] INFO  c.e.a.i.TenantInterceptor - [preHandle,46] - &&&&&&&&&&&&&&&& 租户拦截 &&&&&&&&&&&&&&&&
17:57:44.477 [http-nio-8080-exec-19] INFO  c.e.a.i.TenantInterceptor - [preHandle,69] - &&&&&&&&&&& 当前租户:tenant4
17:57:44.658 [http-nio-8080-exec-20] INFO  c.e.a.i.TenantInterceptor - [preHandle,46] - &&&&&&&&&&&&&&&& 租户拦截 &&&&&&&&&&&&&&&&
17:57:44.658 [http-nio-8080-exec-20] INFO  c.e.a.i.TenantInterceptor - [preHandle,69] - &&&&&&&&&&& 当前租户:tenant4
17:57:51.988 [http-nio-8080-exec-21] INFO  c.e.a.i.TenantInterceptor - [preHandle,46] - &&&&&&&&&&&&&&&& 租户拦截 &&&&&&&&&&&&&&&&
17:57:51.988 [http-nio-8080-exec-21] INFO  c.e.a.i.TenantInterceptor - [preHandle,69] - &&&&&&&&&&& 当前租户:tenant4
17:57:52.748 [http-nio-8080-exec-22] INFO  c.e.a.i.TenantInterceptor - [preHandle,46] - &&&&&&&&&&&&&&&& 租户拦截 &&&&&&&&&&&&&&&&
17:57:52.748 [http-nio-8080-exec-22] INFO  c.e.a.i.TenantInterceptor - [preHandle,69] - &&&&&&&&&&& 当前租户:tenant4
17:57:53.510 [http-nio-8080-exec-23] INFO  c.e.a.i.TenantInterceptor - [preHandle,46] - &&&&&&&&&&&&&&&& 租户拦截 &&&&&&&&&&&&&&&&
17:57:53.510 [http-nio-8080-exec-23] INFO  c.e.a.i.TenantInterceptor - [preHandle,69] - &&&&&&&&&&& 当前租户:tenant4
17:57:56.660 [http-nio-8080-exec-24] INFO  c.e.a.i.TenantInterceptor - [preHandle,46] - &&&&&&&&&&&&&&&& 租户拦截 &&&&&&&&&&&&&&&&
17:57:56.660 [http-nio-8080-exec-24] INFO  c.e.a.i.TenantInterceptor - [preHandle,69] - &&&&&&&&&&& 当前租户:tenant4
17:57:57.353 [http-nio-8080-exec-25] INFO  c.e.a.i.TenantInterceptor - [preHandle,46] - &&&&&&&&&&&&&&&& 租户拦截 &&&&&&&&&&&&&&&&
17:57:57.353 [http-nio-8080-exec-25] INFO  c.e.a.i.TenantInterceptor - [preHandle,69] - &&&&&&&&&&& 当前租户:tenant4
17:57:57.599 [http-nio-8080-exec-26] INFO  c.e.a.i.TenantInterceptor - [preHandle,46] - &&&&&&&&&&&&&&&& 租户拦截 &&&&&&&&&&&&&&&&
17:57:57.599 [http-nio-8080-exec-26] INFO  c.e.a.i.TenantInterceptor - [preHandle,69] - &&&&&&&&&&& 当前租户:tenant4
17:57:57.799 [http-nio-8080-exec-27] INFO  c.e.a.i.TenantInterceptor - [preHandle,46] - &&&&&&&&&&&&&&&& 租户拦截 &&&&&&&&&&&&&&&&
17:57:57.799 [http-nio-8080-exec-27] INFO  c.e.a.i.TenantInterceptor - [preHandle,69] - &&&&&&&&&&& 当前租户:tenant4
17:58:03.924 [http-nio-8080-exec-29] INFO  c.e.a.i.TenantInterceptor - [preHandle,46] - &&&&&&&&&&&&&&&& 租户拦截 &&&&&&&&&&&&&&&&
17:58:03.924 [http-nio-8080-exec-31] INFO  c.e.a.i.TenantInterceptor - [preHandle,46] - &&&&&&&&&&&&&&&& 租户拦截 &&&&&&&&&&&&&&&&
17:58:03.924 [http-nio-8080-exec-29] INFO  c.e.a.i.TenantInterceptor - [preHandle,69] - &&&&&&&&&&& 当前租户:tenant4
17:58:03.924 [http-nio-8080-exec-31] INFO  c.e.a.i.TenantInterceptor - [preHandle,69] - &&&&&&&&&&& 当前租户:tenant4
17:58:03.924 [http-nio-8080-exec-28] INFO  c.e.a.i.TenantInterceptor - [preHandle,46] - &&&&&&&&&&&&&&&& 租户拦截 &&&&&&&&&&&&&&&&
17:58:03.924 [http-nio-8080-exec-32] INFO  c.e.a.i.TenantInterceptor - [preHandle,46] - &&&&&&&&&&&&&&&& 租户拦截 &&&&&&&&&&&&&&&&
17:58:03.924 [http-nio-8080-exec-30] INFO  c.e.a.i.TenantInterceptor - [preHandle,46] - &&&&&&&&&&&&&&&& 租户拦截 &&&&&&&&&&&&&&&&
17:58:03.924 [http-nio-8080-exec-28] INFO  c.e.a.i.TenantInterceptor - [preHandle,69] - &&&&&&&&&&& 当前租户:tenant4
17:58:03.924 [http-nio-8080-exec-32] INFO  c.e.a.i.TenantInterceptor - [preHandle,69] - &&&&&&&&&&& 当前租户:tenant4
17:58:03.924 [http-nio-8080-exec-30] INFO  c.e.a.i.TenantInterceptor - [preHandle,69] - &&&&&&&&&&& 当前租户:tenant4
17:58:04.309 [http-nio-8080-exec-33] INFO  c.e.a.i.TenantInterceptor - [preHandle,46] - &&&&&&&&&&&&&&&& 租户拦截 &&&&&&&&&&&&&&&&
17:58:04.309 [http-nio-8080-exec-33] INFO  c.e.a.i.TenantInterceptor - [preHandle,69] - &&&&&&&&&&& 当前租户:tenant4
17:58:04.612 [http-nio-8080-exec-34] INFO  c.e.a.i.TenantInterceptor - [preHandle,46] - &&&&&&&&&&&&&&&& 租户拦截 &&&&&&&&&&&&&&&&
17:58:04.612 [http-nio-8080-exec-34] INFO  c.e.a.i.TenantInterceptor - [preHandle,69] - &&&&&&&&&&& 当前租户:tenant4
17:58:05.564 [http-nio-8080-exec-36] INFO  c.e.a.i.TenantInterceptor - [preHandle,46] - &&&&&&&&&&&&&&&& 租户拦截 &&&&&&&&&&&&&&&&
17:58:05.564 [http-nio-8080-exec-35] INFO  c.e.a.i.TenantInterceptor - [preHandle,46] - &&&&&&&&&&&&&&&& 租户拦截 &&&&&&&&&&&&&&&&
17:58:05.564 [http-nio-8080-exec-37] INFO  c.e.a.i.TenantInterceptor - [preHandle,46] - &&&&&&&&&&&&&&&& 租户拦截 &&&&&&&&&&&&&&&&
17:58:05.564 [http-nio-8080-exec-36] INFO  c.e.a.i.TenantInterceptor - [preHandle,69] - &&&&&&&&&&& 当前租户:tenant4
17:58:05.564 [http-nio-8080-exec-35] INFO  c.e.a.i.TenantInterceptor - [preHandle,69] - &&&&&&&&&&& 当前租户:tenant4
17:58:05.564 [http-nio-8080-exec-37] INFO  c.e.a.i.TenantInterceptor - [preHandle,69] - &&&&&&&&&&& 当前租户:tenant4
17:58:06.810 [http-nio-8080-exec-38] INFO  c.e.a.i.TenantInterceptor - [preHandle,46] - &&&&&&&&&&&&&&&& 租户拦截 &&&&&&&&&&&&&&&&
17:58:06.810 [http-nio-8080-exec-38] INFO  c.e.a.i.TenantInterceptor - [preHandle,69] - &&&&&&&&&&& 当前租户:tenant4
17:58:07.113 [http-nio-8080-exec-39] INFO  c.e.a.i.TenantInterceptor - [preHandle,46] - &&&&&&&&&&&&&&&& 租户拦截 &&&&&&&&&&&&&&&&
17:58:07.113 [http-nio-8080-exec-39] INFO  c.e.a.i.TenantInterceptor - [preHandle,69] - &&&&&&&&&&& 当前租户:tenant4
17:58:08.093 [http-nio-8080-exec-41] INFO  c.e.a.i.TenantInterceptor - [preHandle,46] - &&&&&&&&&&&&&&&& 租户拦截 &&&&&&&&&&&&&&&&
17:58:08.093 [http-nio-8080-exec-41] INFO  c.e.a.i.TenantInterceptor - [preHandle,69] - &&&&&&&&&&& 当前租户:tenant4
17:58:08.093 [http-nio-8080-exec-40] INFO  c.e.a.i.TenantInterceptor - [preHandle,46] - &&&&&&&&&&&&&&&& 租户拦截 &&&&&&&&&&&&&&&&
17:58:08.093 [http-nio-8080-exec-40] INFO  c.e.a.i.TenantInterceptor - [preHandle,69] - &&&&&&&&&&& 当前租户:tenant4
17:58:08.880 [http-nio-8080-exec-42] INFO  c.e.a.i.TenantInterceptor - [preHandle,46] - &&&&&&&&&&&&&&&& 租户拦截 &&&&&&&&&&&&&&&&
17:58:08.880 [http-nio-8080-exec-42] INFO  c.e.a.i.TenantInterceptor - [preHandle,69] - &&&&&&&&&&& 当前租户:tenant4
17:58:09.180 [http-nio-8080-exec-43] INFO  c.e.a.i.TenantInterceptor - [preHandle,46] - &&&&&&&&&&&&&&&& 租户拦截 &&&&&&&&&&&&&&&&
17:58:09.180 [http-nio-8080-exec-43] INFO  c.e.a.i.TenantInterceptor - [preHandle,69] - &&&&&&&&&&& 当前租户:tenant4
17:58:10.322 [http-nio-8080-exec-45] INFO  c.e.a.i.TenantInterceptor - [preHandle,46] - &&&&&&&&&&&&&&&& 租户拦截 &&&&&&&&&&&&&&&&
17:58:10.323 [http-nio-8080-exec-45] INFO  c.e.a.i.TenantInterceptor - [preHandle,69] - &&&&&&&&&&& 当前租户:tenant4
17:58:10.323 [http-nio-8080-exec-44] INFO  c.e.a.i.TenantInterceptor - [preHandle,46] - &&&&&&&&&&&&&&&& 租户拦截 &&&&&&&&&&&&&&&&
17:58:10.323 [http-nio-8080-exec-44] INFO  c.e.a.i.TenantInterceptor - [preHandle,69] - &&&&&&&&&&& 当前租户:tenant4
17:58:10.919 [http-nio-8080-exec-46] INFO  c.e.a.i.TenantInterceptor - [preHandle,46] - &&&&&&&&&&&&&&&& 租户拦截 &&&&&&&&&&&&&&&&
17:58:10.923 [http-nio-8080-exec-46] INFO  c.e.a.i.TenantInterceptor - [preHandle,69] - &&&&&&&&&&& 当前租户:tenant4
17:58:11.222 [http-nio-8080-exec-47] INFO  c.e.a.i.TenantInterceptor - [preHandle,46] - &&&&&&&&&&&&&&&& 租户拦截 &&&&&&&&&&&&&&&&
17:58:11.222 [http-nio-8080-exec-47] INFO  c.e.a.i.TenantInterceptor - [preHandle,69] - &&&&&&&&&&& 当前租户:tenant4
17:58:11.222 [http-nio-8080-exec-48] INFO  c.e.a.i.TenantInterceptor - [preHandle,46] - &&&&&&&&&&&&&&&& 租户拦截 &&&&&&&&&&&&&&&&
17:58:11.222 [http-nio-8080-exec-48] INFO  c.e.a.i.TenantInterceptor - [preHandle,69] - &&&&&&&&&&& 当前租户:tenant4
17:58:12.817 [http-nio-8080-exec-50] INFO  c.e.a.i.TenantInterceptor - [preHandle,46] - &&&&&&&&&&&&&&&& 租户拦截 &&&&&&&&&&&&&&&&
17:58:12.817 [http-nio-8080-exec-49] INFO  c.e.a.i.TenantInterceptor - [preHandle,46] - &&&&&&&&&&&&&&&& 租户拦截 &&&&&&&&&&&&&&&&
17:58:12.817 [http-nio-8080-exec-50] INFO  c.e.a.i.TenantInterceptor - [preHandle,69] - &&&&&&&&&&& 当前租户:tenant4
17:58:12.817 [http-nio-8080-exec-49] INFO  c.e.a.i.TenantInterceptor - [preHandle,69] - &&&&&&&&&&& 当前租户:tenant4
17:58:14.605 [http-nio-8080-exec-51] INFO  c.e.a.i.TenantInterceptor - [preHandle,46] - &&&&&&&&&&&&&&&& 租户拦截 &&&&&&&&&&&&&&&&
17:58:14.605 [http-nio-8080-exec-51] INFO  c.e.a.i.TenantInterceptor - [preHandle,69] - &&&&&&&&&&& 当前租户:tenant4
17:58:14.909 [http-nio-8080-exec-53] INFO  c.e.a.i.TenantInterceptor - [preHandle,46] - &&&&&&&&&&&&&&&& 租户拦截 &&&&&&&&&&&&&&&&
17:58:14.909 [http-nio-8080-exec-52] INFO  c.e.a.i.TenantInterceptor - [preHandle,46] - &&&&&&&&&&&&&&&& 租户拦截 &&&&&&&&&&&&&&&&
17:58:14.909 [http-nio-8080-exec-53] INFO  c.e.a.i.TenantInterceptor - [preHandle,69] - &&&&&&&&&&& 当前租户:tenant4
17:58:14.909 [http-nio-8080-exec-52] INFO  c.e.a.i.TenantInterceptor - [preHandle,69] - &&&&&&&&&&& 当前租户:tenant4
17:58:16.534 [http-nio-8080-exec-55] INFO  c.e.a.i.TenantInterceptor - [preHandle,46] - &&&&&&&&&&&&&&&& 租户拦截 &&&&&&&&&&&&&&&&
17:58:16.534 [http-nio-8080-exec-54] INFO  c.e.a.i.TenantInterceptor - [preHandle,46] - &&&&&&&&&&&&&&&& 租户拦截 &&&&&&&&&&&&&&&&
17:58:16.537 [http-nio-8080-exec-54] INFO  c.e.a.i.TenantInterceptor - [preHandle,69] - &&&&&&&&&&& 当前租户:tenant4
17:58:16.537 [http-nio-8080-exec-55] INFO  c.e.a.i.TenantInterceptor - [preHandle,69] - &&&&&&&&&&& 当前租户:tenant4
17:58:17.435 [http-nio-8080-exec-56] INFO  c.e.a.i.TenantInterceptor - [preHandle,46] - &&&&&&&&&&&&&&&& 租户拦截 &&&&&&&&&&&&&&&&
17:58:17.435 [http-nio-8080-exec-56] INFO  c.e.a.i.TenantInterceptor - [preHandle,69] - &&&&&&&&&&& 当前租户:tenant4
17:58:17.743 [http-nio-8080-exec-58] INFO  c.e.a.i.TenantInterceptor - [preHandle,46] - &&&&&&&&&&&&&&&& 租户拦截 &&&&&&&&&&&&&&&&
17:58:17.743 [http-nio-8080-exec-57] INFO  c.e.a.i.TenantInterceptor - [preHandle,46] - &&&&&&&&&&&&&&&& 租户拦截 &&&&&&&&&&&&&&&&
17:58:17.743 [http-nio-8080-exec-58] INFO  c.e.a.i.TenantInterceptor - [preHandle,69] - &&&&&&&&&&& 当前租户:tenant4
17:58:17.743 [http-nio-8080-exec-57] INFO  c.e.a.i.TenantInterceptor - [preHandle,69] - &&&&&&&&&&& 当前租户:tenant4
17:58:19.719 [http-nio-8080-exec-60] INFO  c.e.a.i.TenantInterceptor - [preHandle,46] - &&&&&&&&&&&&&&&& 租户拦截 &&&&&&&&&&&&&&&&
17:58:19.719 [http-nio-8080-exec-60] INFO  c.e.a.i.TenantInterceptor - [preHandle,69] - &&&&&&&&&&& 当前租户:tenant4
17:58:19.719 [http-nio-8080-exec-59] INFO  c.e.a.i.TenantInterceptor - [preHandle,46] - &&&&&&&&&&&&&&&& 租户拦截 &&&&&&&&&&&&&&&&
17:58:19.719 [http-nio-8080-exec-59] INFO  c.e.a.i.TenantInterceptor - [preHandle,69] - &&&&&&&&&&& 当前租户:tenant4
17:58:20.033 [http-nio-8080-exec-61] INFO  c.e.a.i.TenantInterceptor - [preHandle,46] - &&&&&&&&&&&&&&&& 租户拦截 &&&&&&&&&&&&&&&&
17:58:20.033 [http-nio-8080-exec-61] INFO  c.e.a.i.TenantInterceptor - [preHandle,69] - &&&&&&&&&&& 当前租户:tenant4
17:58:24.272 [http-nio-8080-exec-62] INFO  c.e.a.i.TenantInterceptor - [preHandle,46] - &&&&&&&&&&&&&&&& 租户拦截 &&&&&&&&&&&&&&&&
17:58:24.272 [http-nio-8080-exec-62] INFO  c.e.a.i.TenantInterceptor - [preHandle,69] - &&&&&&&&&&& 当前租户:tenant4
17:58:36.464 [http-nio-8080-exec-68] INFO  c.e.a.i.TenantInterceptor - [preHandle,46] - &&&&&&&&&&&&&&&& 租户拦截 &&&&&&&&&&&&&&&&
17:58:36.464 [http-nio-8080-exec-68] INFO  c.e.a.i.TenantInterceptor - [preHandle,69] - &&&&&&&&&&& 当前租户:tenant4
17:58:36.555 [http-nio-8080-exec-69] INFO  c.e.a.i.TenantInterceptor - [preHandle,46] - &&&&&&&&&&&&&&&& 租户拦截 &&&&&&&&&&&&&&&&
17:58:36.555 [http-nio-8080-exec-69] INFO  c.e.a.i.TenantInterceptor - [preHandle,69] - &&&&&&&&&&& 当前租户:tenant4
17:58:36.559 [schedule-pool-5] INFO  sys-user - [run,59] - [127.0.0.1]内网IP[admin][Success][登录成功]
17:58:36.728 [http-nio-8080-exec-70] INFO  c.e.a.i.TenantInterceptor - [preHandle,46] - &&&&&&&&&&&&&&&& 租户拦截 &&&&&&&&&&&&&&&&
17:58:36.728 [http-nio-8080-exec-70] INFO  c.e.a.i.TenantInterceptor - [preHandle,69] - &&&&&&&&&&& 当前租户:tenant4
17:58:36.874 [http-nio-8080-exec-71] INFO  c.e.a.i.TenantInterceptor - [preHandle,46] - &&&&&&&&&&&&&&&& 租户拦截 &&&&&&&&&&&&&&&&
17:58:36.874 [http-nio-8080-exec-71] INFO  c.e.a.i.TenantInterceptor - [preHandle,69] - &&&&&&&&&&& 当前租户:tenant4
17:58:54.006 [http-nio-8080-exec-72] INFO  c.e.a.i.TenantInterceptor - [preHandle,46] - &&&&&&&&&&&&&&&& 租户拦截 &&&&&&&&&&&&&&&&
17:58:54.007 [http-nio-8080-exec-72] INFO  c.e.a.i.TenantInterceptor - [preHandle,69] - &&&&&&&&&&& 当前租户:tenant4
17:58:54.323 [http-nio-8080-exec-74] INFO  c.e.a.i.TenantInterceptor - [preHandle,46] - &&&&&&&&&&&&&&&& 租户拦截 &&&&&&&&&&&&&&&&
17:58:54.323 [http-nio-8080-exec-76] INFO  c.e.a.i.TenantInterceptor - [preHandle,46] - &&&&&&&&&&&&&&&& 租户拦截 &&&&&&&&&&&&&&&&
17:58:54.323 [http-nio-8080-exec-75] INFO  c.e.a.i.TenantInterceptor - [preHandle,46] - &&&&&&&&&&&&&&&& 租户拦截 &&&&&&&&&&&&&&&&
17:58:54.323 [http-nio-8080-exec-77] INFO  c.e.a.i.TenantInterceptor - [preHandle,46] - &&&&&&&&&&&&&&&& 租户拦截 &&&&&&&&&&&&&&&&
17:58:54.323 [http-nio-8080-exec-73] INFO  c.e.a.i.TenantInterceptor - [preHandle,46] - &&&&&&&&&&&&&&&& 租户拦截 &&&&&&&&&&&&&&&&
17:58:54.323 [http-nio-8080-exec-78] INFO  c.e.a.i.TenantInterceptor - [preHandle,46] - &&&&&&&&&&&&&&&& 租户拦截 &&&&&&&&&&&&&&&&
17:58:54.323 [http-nio-8080-exec-74] INFO  c.e.a.i.TenantInterceptor - [preHandle,69] - &&&&&&&&&&& 当前租户:tenant4
17:58:54.323 [http-nio-8080-exec-76] INFO  c.e.a.i.TenantInterceptor - [preHandle,69] - &&&&&&&&&&& 当前租户:tenant4
17:58:54.323 [http-nio-8080-exec-75] INFO  c.e.a.i.TenantInterceptor - [preHandle,69] - &&&&&&&&&&& 当前租户:tenant4
17:58:54.323 [http-nio-8080-exec-77] INFO  c.e.a.i.TenantInterceptor - [preHandle,69] - &&&&&&&&&&& 当前租户:tenant4
17:58:54.323 [http-nio-8080-exec-73] INFO  c.e.a.i.TenantInterceptor - [preHandle,69] - &&&&&&&&&&& 当前租户:tenant4
17:58:54.323 [http-nio-8080-exec-78] INFO  c.e.a.i.TenantInterceptor - [preHandle,69] - &&&&&&&&&&& 当前租户:tenant4
17:58:54.642 [http-nio-8080-exec-79] INFO  c.e.a.i.TenantInterceptor - [preHandle,46] - &&&&&&&&&&&&&&&& 租户拦截 &&&&&&&&&&&&&&&&
17:58:54.642 [http-nio-8080-exec-79] INFO  c.e.a.i.TenantInterceptor - [preHandle,69] - &&&&&&&&&&& 当前租户:tenant4
17:58:56.741 [http-nio-8080-exec-80] INFO  c.e.a.i.TenantInterceptor - [preHandle,46] - &&&&&&&&&&&&&&&& 租户拦截 &&&&&&&&&&&&&&&&
17:58:56.741 [http-nio-8080-exec-80] INFO  c.e.a.i.TenantInterceptor - [preHandle,69] - &&&&&&&&&&& 当前租户:tenant4
17:58:56.741 [http-nio-8080-exec-81] INFO  c.e.a.i.TenantInterceptor - [preHandle,46] - &&&&&&&&&&&&&&&& 租户拦截 &&&&&&&&&&&&&&&&
17:58:56.741 [http-nio-8080-exec-81] INFO  c.e.a.i.TenantInterceptor - [preHandle,69] - &&&&&&&&&&& 当前租户:tenant4
17:58:56.748 [http-nio-8080-exec-84] INFO  c.e.a.i.TenantInterceptor - [preHandle,46] - &&&&&&&&&&&&&&&& 租户拦截 &&&&&&&&&&&&&&&&
17:58:56.748 [http-nio-8080-exec-83] INFO  c.e.a.i.TenantInterceptor - [preHandle,46] - &&&&&&&&&&&&&&&& 租户拦截 &&&&&&&&&&&&&&&&
17:58:56.748 [http-nio-8080-exec-82] INFO  c.e.a.i.TenantInterceptor - [preHandle,46] - &&&&&&&&&&&&&&&& 租户拦截 &&&&&&&&&&&&&&&&
17:58:56.748 [http-nio-8080-exec-85] INFO  c.e.a.i.TenantInterceptor - [preHandle,46] - &&&&&&&&&&&&&&&& 租户拦截 &&&&&&&&&&&&&&&&
17:58:56.750 [http-nio-8080-exec-83] INFO  c.e.a.i.TenantInterceptor - [preHandle,69] - &&&&&&&&&&& 当前租户:tenant4
17:58:56.748 [http-nio-8080-exec-84] INFO  c.e.a.i.TenantInterceptor - [preHandle,69] - &&&&&&&&&&& 当前租户:tenant4
17:58:56.751 [http-nio-8080-exec-85] INFO  c.e.a.i.TenantInterceptor - [preHandle,69] - &&&&&&&&&&& 当前租户:tenant4
17:58:56.751 [http-nio-8080-exec-82] INFO  c.e.a.i.TenantInterceptor - [preHandle,69] - &&&&&&&&&&& 当前租户:tenant4
17:58:57.051 [http-nio-8080-exec-86] INFO  c.e.a.i.TenantInterceptor - [preHandle,46] - &&&&&&&&&&&&&&&& 租户拦截 &&&&&&&&&&&&&&&&
17:58:57.055 [http-nio-8080-exec-86] INFO  c.e.a.i.TenantInterceptor - [preHandle,69] - &&&&&&&&&&& 当前租户:tenant4
17:58:57.061 [http-nio-8080-exec-87] INFO  c.e.a.i.TenantInterceptor - [preHandle,46] - &&&&&&&&&&&&&&&& 租户拦截 &&&&&&&&&&&&&&&&
17:58:57.061 [http-nio-8080-exec-87] INFO  c.e.a.i.TenantInterceptor - [preHandle,69] - &&&&&&&&&&& 当前租户:tenant4
17:58:57.960 [http-nio-8080-exec-92] INFO  c.e.a.i.TenantInterceptor - [preHandle,46] - &&&&&&&&&&&&&&&& 租户拦截 &&&&&&&&&&&&&&&&
17:58:57.960 [http-nio-8080-exec-91] INFO  c.e.a.i.TenantInterceptor - [preHandle,46] - &&&&&&&&&&&&&&&& 租户拦截 &&&&&&&&&&&&&&&&
17:58:57.960 [http-nio-8080-exec-89] INFO  c.e.a.i.TenantInterceptor - [preHandle,46] - &&&&&&&&&&&&&&&& 租户拦截 &&&&&&&&&&&&&&&&
17:58:57.960 [http-nio-8080-exec-88] INFO  c.e.a.i.TenantInterceptor - [preHandle,46] - &&&&&&&&&&&&&&&& 租户拦截 &&&&&&&&&&&&&&&&
17:58:57.960 [http-nio-8080-exec-90] INFO  c.e.a.i.TenantInterceptor - [preHandle,46] - &&&&&&&&&&&&&&&& 租户拦截 &&&&&&&&&&&&&&&&
17:58:57.960 [http-nio-8080-exec-93] INFO  c.e.a.i.TenantInterceptor - [preHandle,46] - &&&&&&&&&&&&&&&& 租户拦截 &&&&&&&&&&&&&&&&
17:58:57.960 [http-nio-8080-exec-92] INFO  c.e.a.i.TenantInterceptor - [preHandle,69] - &&&&&&&&&&& 当前租户:tenant4
17:58:57.960 [http-nio-8080-exec-91] INFO  c.e.a.i.TenantInterceptor - [preHandle,69] - &&&&&&&&&&& 当前租户:tenant4
17:58:57.960 [http-nio-8080-exec-89] INFO  c.e.a.i.TenantInterceptor - [preHandle,69] - &&&&&&&&&&& 当前租户:tenant4
17:58:57.960 [http-nio-8080-exec-88] INFO  c.e.a.i.TenantInterceptor - [preHandle,69] - &&&&&&&&&&& 当前租户:tenant4
17:58:57.960 [http-nio-8080-exec-90] INFO  c.e.a.i.TenantInterceptor - [preHandle,69] - &&&&&&&&&&& 当前租户:tenant4
17:58:57.960 [http-nio-8080-exec-93] INFO  c.e.a.i.TenantInterceptor - [preHandle,69] - &&&&&&&&&&& 当前租户:tenant4
17:58:58.273 [http-nio-8080-exec-95] INFO  c.e.a.i.TenantInterceptor - [preHandle,46] - &&&&&&&&&&&&&&&& 租户拦截 &&&&&&&&&&&&&&&&
17:58:58.273 [http-nio-8080-exec-94] INFO  c.e.a.i.TenantInterceptor - [preHandle,46] - &&&&&&&&&&&&&&&& 租户拦截 &&&&&&&&&&&&&&&&
17:58:58.273 [http-nio-8080-exec-95] INFO  c.e.a.i.TenantInterceptor - [preHandle,69] - &&&&&&&&&&& 当前租户:tenant4
17:58:58.273 [http-nio-8080-exec-94] INFO  c.e.a.i.TenantInterceptor - [preHandle,69] - &&&&&&&&&&& 当前租户:tenant4
17:59:00.912 [http-nio-8080-exec-99] INFO  c.e.a.i.TenantInterceptor - [preHandle,46] - &&&&&&&&&&&&&&&& 租户拦截 &&&&&&&&&&&&&&&&
17:59:00.912 [http-nio-8080-exec-96] INFO  c.e.a.i.TenantInterceptor - [preHandle,46] - &&&&&&&&&&&&&&&& 租户拦截 &&&&&&&&&&&&&&&&
17:59:00.912 [http-nio-8080-exec-97] INFO  c.e.a.i.TenantInterceptor - [preHandle,46] - &&&&&&&&&&&&&&&& 租户拦截 &&&&&&&&&&&&&&&&
17:59:00.912 [http-nio-8080-exec-98] INFO  c.e.a.i.TenantInterceptor - [preHandle,46] - &&&&&&&&&&&&&&&& 租户拦截 &&&&&&&&&&&&&&&&
17:59:00.912 [http-nio-8080-exec-99] INFO  c.e.a.i.TenantInterceptor - [preHandle,69] - &&&&&&&&&&& 当前租户:tenant4
17:59:00.912 [http-nio-8080-exec-1] INFO  c.e.a.i.TenantInterceptor - [preHandle,46] - &&&&&&&&&&&&&&&& 租户拦截 &&&&&&&&&&&&&&&&
17:59:00.912 [http-nio-8080-exec-96] INFO  c.e.a.i.TenantInterceptor - [preHandle,69] - &&&&&&&&&&& 当前租户:tenant4
17:59:00.912 [http-nio-8080-exec-97] INFO  c.e.a.i.TenantInterceptor - [preHandle,69] - &&&&&&&&&&& 当前租户:tenant4
17:59:00.912 [http-nio-8080-exec-98] INFO  c.e.a.i.TenantInterceptor - [preHandle,69] - &&&&&&&&&&& 当前租户:tenant4
17:59:00.912 [http-nio-8080-exec-100] INFO  c.e.a.i.TenantInterceptor - [preHandle,46] - &&&&&&&&&&&&&&&& 租户拦截 &&&&&&&&&&&&&&&&
17:59:00.912 [http-nio-8080-exec-1] INFO  c.e.a.i.TenantInterceptor - [preHandle,69] - &&&&&&&&&&& 当前租户:tenant4
17:59:00.912 [http-nio-8080-exec-100] INFO  c.e.a.i.TenantInterceptor - [preHandle,69] - &&&&&&&&&&& 当前租户:tenant4
17:59:01.224 [http-nio-8080-exec-3] INFO  c.e.a.i.TenantInterceptor - [preHandle,46] - &&&&&&&&&&&&&&&& 租户拦截 &&&&&&&&&&&&&&&&
17:59:01.224 [http-nio-8080-exec-3] INFO  c.e.a.i.TenantInterceptor - [preHandle,69] - &&&&&&&&&&& 当前租户:tenant4
17:59:01.224 [http-nio-8080-exec-2] INFO  c.e.a.i.TenantInterceptor - [preHandle,46] - &&&&&&&&&&&&&&&& 租户拦截 &&&&&&&&&&&&&&&&
17:59:01.225 [http-nio-8080-exec-2] INFO  c.e.a.i.TenantInterceptor - [preHandle,69] - &&&&&&&&&&& 当前租户:tenant4
17:59:02.890 [http-nio-8080-exec-4] INFO  c.e.a.i.TenantInterceptor - [preHandle,46] - &&&&&&&&&&&&&&&& 租户拦截 &&&&&&&&&&&&&&&&
17:59:02.890 [http-nio-8080-exec-4] INFO  c.e.a.i.TenantInterceptor - [preHandle,69] - &&&&&&&&&&& 当前租户:tenant4
17:59:03.254 [http-nio-8080-exec-5] INFO  c.e.a.i.TenantInterceptor - [preHandle,46] - &&&&&&&&&&&&&&&& 租户拦截 &&&&&&&&&&&&&&&&
17:59:03.254 [http-nio-8080-exec-5] INFO  c.e.a.i.TenantInterceptor - [preHandle,69] - &&&&&&&&&&& 当前租户:tenant4
17:59:04.080 [http-nio-8080-exec-6] INFO  c.e.a.i.TenantInterceptor - [preHandle,46] - &&&&&&&&&&&&&&&& 租户拦截 &&&&&&&&&&&&&&&&
17:59:04.080 [http-nio-8080-exec-6] INFO  c.e.a.i.TenantInterceptor - [preHandle,69] - &&&&&&&&&&& 当前租户:tenant4
17:59:04.670 [http-nio-8080-exec-7] INFO  c.e.a.i.TenantInterceptor - [preHandle,46] - &&&&&&&&&&&&&&&& 租户拦截 &&&&&&&&&&&&&&&&
17:59:04.670 [http-nio-8080-exec-7] INFO  c.e.a.i.TenantInterceptor - [preHandle,69] - &&&&&&&&&&& 当前租户:tenant4
17:59:05.505 [http-nio-8080-exec-8] INFO  c.e.a.i.TenantInterceptor - [preHandle,46] - &&&&&&&&&&&&&&&& 租户拦截 &&&&&&&&&&&&&&&&
17:59:05.505 [http-nio-8080-exec-8] INFO  c.e.a.i.TenantInterceptor - [preHandle,69] - &&&&&&&&&&& 当前租户:tenant4
17:59:09.960 [http-nio-8080-exec-9] INFO  c.e.a.i.TenantInterceptor - [preHandle,46] - &&&&&&&&&&&&&&&& 租户拦截 &&&&&&&&&&&&&&&&
17:59:09.960 [http-nio-8080-exec-9] INFO  c.e.a.i.TenantInterceptor - [preHandle,69] - &&&&&&&&&&& 当前租户:tenant4
17:59:11.317 [http-nio-8080-exec-10] INFO  c.e.a.i.TenantInterceptor - [preHandle,46] - &&&&&&&&&&&&&&&& 租户拦截 &&&&&&&&&&&&&&&&
17:59:11.317 [http-nio-8080-exec-10] INFO  c.e.a.i.TenantInterceptor - [preHandle,69] - &&&&&&&&&&& 当前租户:tenant4
17:59:12.113 [http-nio-8080-exec-11] INFO  c.e.a.i.TenantInterceptor - [preHandle,46] - &&&&&&&&&&&&&&&& 租户拦截 &&&&&&&&&&&&&&&&
17:59:12.113 [http-nio-8080-exec-11] INFO  c.e.a.i.TenantInterceptor - [preHandle,69] - &&&&&&&&&&& 当前租户:tenant4
17:59:14.968 [http-nio-8080-exec-12] INFO  c.e.a.i.TenantInterceptor - [preHandle,46] - &&&&&&&&&&&&&&&& 租户拦截 &&&&&&&&&&&&&&&&
17:59:14.968 [http-nio-8080-exec-12] INFO  c.e.a.i.TenantInterceptor - [preHandle,69] - &&&&&&&&&&& 当前租户:tenant4
17:59:17.483 [http-nio-8080-exec-14] INFO  c.e.a.i.TenantInterceptor - [preHandle,46] - &&&&&&&&&&&&&&&& 租户拦截 &&&&&&&&&&&&&&&&
17:59:17.483 [http-nio-8080-exec-14] INFO  c.e.a.i.TenantInterceptor - [preHandle,69] - &&&&&&&&&&& 当前租户:tenant4
17:59:18.719 [http-nio-8080-exec-15] INFO  c.e.a.i.TenantInterceptor - [preHandle,46] - &&&&&&&&&&&&&&&& 租户拦截 &&&&&&&&&&&&&&&&
17:59:18.719 [http-nio-8080-exec-15] INFO  c.e.a.i.TenantInterceptor - [preHandle,69] - &&&&&&&&&&& 当前租户:tenant4
17:59:20.552 [http-nio-8080-exec-17] INFO  c.e.a.i.TenantInterceptor - [preHandle,46] - &&&&&&&&&&&&&&&& 租户拦截 &&&&&&&&&&&&&&&&
17:59:20.552 [http-nio-8080-exec-17] INFO  c.e.a.i.TenantInterceptor - [preHandle,69] - &&&&&&&&&&& 当前租户:tenant4
17:59:22.054 [http-nio-8080-exec-18] INFO  c.e.a.i.TenantInterceptor - [preHandle,46] - &&&&&&&&&&&&&&&& 租户拦截 &&&&&&&&&&&&&&&&
17:59:22.054 [http-nio-8080-exec-18] INFO  c.e.a.i.TenantInterceptor - [preHandle,69] - &&&&&&&&&&& 当前租户:tenant4
17:59:25.881 [http-nio-8080-exec-19] INFO  c.e.a.i.TenantInterceptor - [preHandle,46] - &&&&&&&&&&&&&&&& 租户拦截 &&&&&&&&&&&&&&&&
17:59:25.881 [http-nio-8080-exec-19] INFO  c.e.a.i.TenantInterceptor - [preHandle,69] - &&&&&&&&&&& 当前租户:tenant4
17:59:28.986 [http-nio-8080-exec-23] INFO  c.e.a.i.TenantInterceptor - [preHandle,46] - &&&&&&&&&&&&&&&& 租户拦截 &&&&&&&&&&&&&&&&
17:59:28.986 [http-nio-8080-exec-22] INFO  c.e.a.i.TenantInterceptor - [preHandle,46] - &&&&&&&&&&&&&&&& 租户拦截 &&&&&&&&&&&&&&&&
17:59:28.986 [http-nio-8080-exec-21] INFO  c.e.a.i.TenantInterceptor - [preHandle,46] - &&&&&&&&&&&&&&&& 租户拦截 &&&&&&&&&&&&&&&&
17:59:28.986 [http-nio-8080-exec-20] INFO  c.e.a.i.TenantInterceptor - [preHandle,46] - &&&&&&&&&&&&&&&& 租户拦截 &&&&&&&&&&&&&&&&
17:59:28.988 [http-nio-8080-exec-23] INFO  c.e.a.i.TenantInterceptor - [preHandle,69] - &&&&&&&&&&& 当前租户:tenant4
17:59:28.988 [http-nio-8080-exec-21] INFO  c.e.a.i.TenantInterceptor - [preHandle,69] - &&&&&&&&&&& 当前租户:tenant4
17:59:28.988 [http-nio-8080-exec-22] INFO  c.e.a.i.TenantInterceptor - [preHandle,69] - &&&&&&&&&&& 当前租户:tenant4
17:59:28.988 [http-nio-8080-exec-20] INFO  c.e.a.i.TenantInterceptor - [preHandle,69] - &&&&&&&&&&& 当前租户:tenant4
17:59:30.719 [http-nio-8080-exec-24] INFO  c.e.a.i.TenantInterceptor - [preHandle,46] - &&&&&&&&&&&&&&&& 租户拦截 &&&&&&&&&&&&&&&&
17:59:30.719 [http-nio-8080-exec-24] INFO  c.e.a.i.TenantInterceptor - [preHandle,69] - &&&&&&&&&&& 当前租户:tenant4
17:59:31.031 [http-nio-8080-exec-25] INFO  c.e.a.i.TenantInterceptor - [preHandle,46] - &&&&&&&&&&&&&&&& 租户拦截 &&&&&&&&&&&&&&&&
17:59:31.031 [http-nio-8080-exec-26] INFO  c.e.a.i.TenantInterceptor - [preHandle,46] - &&&&&&&&&&&&&&&& 租户拦截 &&&&&&&&&&&&&&&&
17:59:31.031 [http-nio-8080-exec-25] INFO  c.e.a.i.TenantInterceptor - [preHandle,69] - &&&&&&&&&&& 当前租户:tenant4
17:59:31.035 [http-nio-8080-exec-26] INFO  c.e.a.i.TenantInterceptor - [preHandle,69] - &&&&&&&&&&& 当前租户:tenant4
17:59:34.123 [http-nio-8080-exec-27] INFO  c.e.a.i.TenantInterceptor - [preHandle,46] - &&&&&&&&&&&&&&&& 租户拦截 &&&&&&&&&&&&&&&&
17:59:34.128 [http-nio-8080-exec-27] INFO  c.e.a.i.TenantInterceptor - [preHandle,69] - &&&&&&&&&&& 当前租户:tenant4
17:59:43.454 [http-nio-8080-exec-31] INFO  c.e.a.i.TenantInterceptor - [preHandle,46] - &&&&&&&&&&&&&&&& 租户拦截 &&&&&&&&&&&&&&&&
17:59:43.454 [http-nio-8080-exec-31] INFO  c.e.a.i.TenantInterceptor - [preHandle,69] - &&&&&&&&&&& 当前租户:tenant4
17:59:46.879 [http-nio-8080-exec-28] INFO  c.e.a.i.TenantInterceptor - [preHandle,46] - &&&&&&&&&&&&&&&& 租户拦截 &&&&&&&&&&&&&&&&
17:59:46.879 [http-nio-8080-exec-28] INFO  c.e.a.i.TenantInterceptor - [preHandle,69] - &&&&&&&&&&& 当前租户:tenant4
17:59:48.546 [http-nio-8080-exec-30] INFO  c.e.a.i.TenantInterceptor - [preHandle,46] - &&&&&&&&&&&&&&&& 租户拦截 &&&&&&&&&&&&&&&&
17:59:48.546 [http-nio-8080-exec-30] INFO  c.e.a.i.TenantInterceptor - [preHandle,69] - &&&&&&&&&&& 当前租户:tenant4
17:59:49.852 [http-nio-8080-exec-32] INFO  c.e.a.i.TenantInterceptor - [preHandle,46] - &&&&&&&&&&&&&&&& 租户拦截 &&&&&&&&&&&&&&&&
17:59:49.852 [http-nio-8080-exec-32] INFO  c.e.a.i.TenantInterceptor - [preHandle,69] - &&&&&&&&&&& 当前租户:tenant4
17:59:50.449 [http-nio-8080-exec-29] INFO  c.e.a.i.TenantInterceptor - [preHandle,46] - &&&&&&&&&&&&&&&& 租户拦截 &&&&&&&&&&&&&&&&
17:59:50.449 [http-nio-8080-exec-29] INFO  c.e.a.i.TenantInterceptor - [preHandle,69] - &&&&&&&&&&& 当前租户:tenant4
17:59:51.236 [http-nio-8080-exec-33] INFO  c.e.a.i.TenantInterceptor - [preHandle,46] - &&&&&&&&&&&&&&&& 租户拦截 &&&&&&&&&&&&&&&&
17:59:51.236 [http-nio-8080-exec-33] INFO  c.e.a.i.TenantInterceptor - [preHandle,69] - &&&&&&&&&&& 当前租户:tenant4
17:59:53.317 [http-nio-8080-exec-34] INFO  c.e.a.i.TenantInterceptor - [preHandle,46] - &&&&&&&&&&&&&&&& 租户拦截 &&&&&&&&&&&&&&&&
17:59:53.317 [http-nio-8080-exec-34] INFO  c.e.a.i.TenantInterceptor - [preHandle,69] - &&&&&&&&&&& 当前租户:tenant4
17:59:58.051 [http-nio-8080-exec-37] INFO  c.e.a.i.TenantInterceptor - [preHandle,46] - &&&&&&&&&&&&&&&& 租户拦截 &&&&&&&&&&&&&&&&
17:59:58.051 [http-nio-8080-exec-37] INFO  c.e.a.i.TenantInterceptor - [preHandle,69] - &&&&&&&&&&& 当前租户:tenant4
17:59:59.341 [http-nio-8080-exec-35] INFO  c.e.a.i.TenantInterceptor - [preHandle,46] - &&&&&&&&&&&&&&&& 租户拦截 &&&&&&&&&&&&&&&&
17:59:59.341 [http-nio-8080-exec-35] INFO  c.e.a.i.TenantInterceptor - [preHandle,69] - &&&&&&&&&&& 当前租户:tenant4
18:00:01.258 [http-nio-8080-exec-36] INFO  c.e.a.i.TenantInterceptor - [preHandle,46] - &&&&&&&&&&&&&&&& 租户拦截 &&&&&&&&&&&&&&&&
18:00:01.258 [http-nio-8080-exec-36] INFO  c.e.a.i.TenantInterceptor - [preHandle,69] - &&&&&&&&&&& 当前租户:tenant4
18:00:01.962 [http-nio-8080-exec-38] INFO  c.e.a.i.TenantInterceptor - [preHandle,46] - &&&&&&&&&&&&&&&& 租户拦截 &&&&&&&&&&&&&&&&
18:00:01.962 [http-nio-8080-exec-38] INFO  c.e.a.i.TenantInterceptor - [preHandle,69] - &&&&&&&&&&& 当前租户:tenant4
18:00:07.184 [http-nio-8080-exec-40] INFO  c.e.a.i.TenantInterceptor - [preHandle,46] - &&&&&&&&&&&&&&&& 租户拦截 &&&&&&&&&&&&&&&&
18:00:07.184 [http-nio-8080-exec-40] INFO  c.e.a.i.TenantInterceptor - [preHandle,69] - &&&&&&&&&&& 当前租户:tenant4
18:00:07.184 [http-nio-8080-exec-39] INFO  c.e.a.i.TenantInterceptor - [preHandle,46] - &&&&&&&&&&&&&&&& 租户拦截 &&&&&&&&&&&&&&&&
18:00:07.184 [http-nio-8080-exec-39] INFO  c.e.a.i.TenantInterceptor - [preHandle,69] - &&&&&&&&&&& 当前租户:tenant4
18:00:07.799 [http-nio-8080-exec-41] INFO  c.e.a.i.TenantInterceptor - [preHandle,46] - &&&&&&&&&&&&&&&& 租户拦截 &&&&&&&&&&&&&&&&
18:00:07.799 [http-nio-8080-exec-41] INFO  c.e.a.i.TenantInterceptor - [preHandle,69] - &&&&&&&&&&& 当前租户:tenant4
18:00:08.097 [http-nio-8080-exec-42] INFO  c.e.a.i.TenantInterceptor - [preHandle,46] - &&&&&&&&&&&&&&&& 租户拦截 &&&&&&&&&&&&&&&&
18:00:08.097 [http-nio-8080-exec-42] INFO  c.e.a.i.TenantInterceptor - [preHandle,69] - &&&&&&&&&&& 当前租户:tenant4
18:00:08.938 [http-nio-8080-exec-44] INFO  c.e.a.i.TenantInterceptor - [preHandle,46] - &&&&&&&&&&&&&&&& 租户拦截 &&&&&&&&&&&&&&&&
18:00:08.938 [http-nio-8080-exec-44] INFO  c.e.a.i.TenantInterceptor - [preHandle,69] - &&&&&&&&&&& 当前租户:tenant4
18:00:08.938 [http-nio-8080-exec-43] INFO  c.e.a.i.TenantInterceptor - [preHandle,46] - &&&&&&&&&&&&&&&& 租户拦截 &&&&&&&&&&&&&&&&
18:00:08.938 [http-nio-8080-exec-43] INFO  c.e.a.i.TenantInterceptor - [preHandle,69] - &&&&&&&&&&& 当前租户:tenant4
18:00:12.059 [http-nio-8080-exec-45] INFO  c.e.a.i.TenantInterceptor - [preHandle,46] - &&&&&&&&&&&&&&&& 租户拦截 &&&&&&&&&&&&&&&&
18:00:12.059 [http-nio-8080-exec-45] INFO  c.e.a.i.TenantInterceptor - [preHandle,69] - &&&&&&&&&&& 当前租户:tenant4
18:00:12.360 [http-nio-8080-exec-46] INFO  c.e.a.i.TenantInterceptor - [preHandle,46] - &&&&&&&&&&&&&&&& 租户拦截 &&&&&&&&&&&&&&&&
18:00:12.360 [http-nio-8080-exec-46] INFO  c.e.a.i.TenantInterceptor - [preHandle,69] - &&&&&&&&&&& 当前租户:tenant4
18:00:14.308 [http-nio-8080-exec-49] INFO  c.e.a.i.TenantInterceptor - [preHandle,46] - &&&&&&&&&&&&&&&& 租户拦截 &&&&&&&&&&&&&&&&
18:00:14.308 [http-nio-8080-exec-48] INFO  c.e.a.i.TenantInterceptor - [preHandle,46] - &&&&&&&&&&&&&&&& 租户拦截 &&&&&&&&&&&&&&&&
18:00:14.308 [http-nio-8080-exec-47] INFO  c.e.a.i.TenantInterceptor - [preHandle,46] - &&&&&&&&&&&&&&&& 租户拦截 &&&&&&&&&&&&&&&&
18:00:14.308 [http-nio-8080-exec-49] INFO  c.e.a.i.TenantInterceptor - [preHandle,69] - &&&&&&&&&&& 当前租户:tenant4
18:00:14.308 [http-nio-8080-exec-48] INFO  c.e.a.i.TenantInterceptor - [preHandle,69] - &&&&&&&&&&& 当前租户:tenant4
18:00:14.308 [http-nio-8080-exec-47] INFO  c.e.a.i.TenantInterceptor - [preHandle,69] - &&&&&&&&&&& 当前租户:tenant4
18:00:14.646 [http-nio-8080-exec-50] INFO  c.e.a.i.TenantInterceptor - [preHandle,46] - &&&&&&&&&&&&&&&& 租户拦截 &&&&&&&&&&&&&&&&
18:00:14.646 [http-nio-8080-exec-50] INFO  c.e.a.i.TenantInterceptor - [preHandle,69] - &&&&&&&&&&& 当前租户:tenant4
18:00:14.949 [http-nio-8080-exec-51] INFO  c.e.a.i.TenantInterceptor - [preHandle,46] - &&&&&&&&&&&&&&&& 租户拦截 &&&&&&&&&&&&&&&&
18:00:14.949 [http-nio-8080-exec-51] INFO  c.e.a.i.TenantInterceptor - [preHandle,69] - &&&&&&&&&&& 当前租户:tenant4
18:00:16.432 [http-nio-8080-exec-54] INFO  c.e.a.i.TenantInterceptor - [preHandle,46] - &&&&&&&&&&&&&&&& 租户拦截 &&&&&&&&&&&&&&&&
18:00:16.432 [http-nio-8080-exec-53] INFO  c.e.a.i.TenantInterceptor - [preHandle,46] - &&&&&&&&&&&&&&&& 租户拦截 &&&&&&&&&&&&&&&&
18:00:16.432 [http-nio-8080-exec-52] INFO  c.e.a.i.TenantInterceptor - [preHandle,46] - &&&&&&&&&&&&&&&& 租户拦截 &&&&&&&&&&&&&&&&
18:00:16.432 [http-nio-8080-exec-54] INFO  c.e.a.i.TenantInterceptor - [preHandle,69] - &&&&&&&&&&& 当前租户:tenant4
18:00:16.432 [http-nio-8080-exec-53] INFO  c.e.a.i.TenantInterceptor - [preHandle,69] - &&&&&&&&&&& 当前租户:tenant4
18:00:16.432 [http-nio-8080-exec-52] INFO  c.e.a.i.TenantInterceptor - [preHandle,69] - &&&&&&&&&&& 当前租户:tenant4
18:00:19.334 [http-nio-8080-exec-55] INFO  c.e.a.i.TenantInterceptor - [preHandle,46] - &&&&&&&&&&&&&&&& 租户拦截 &&&&&&&&&&&&&&&&
18:00:19.334 [http-nio-8080-exec-55] INFO  c.e.a.i.TenantInterceptor - [preHandle,69] - &&&&&&&&&&& 当前租户:tenant4
18:00:19.642 [http-nio-8080-exec-57] INFO  c.e.a.i.TenantInterceptor - [preHandle,46] - &&&&&&&&&&&&&&&& 租户拦截 &&&&&&&&&&&&&&&&
18:00:19.642 [http-nio-8080-exec-56] INFO  c.e.a.i.TenantInterceptor - [preHandle,46] - &&&&&&&&&&&&&&&& 租户拦截 &&&&&&&&&&&&&&&&
18:00:19.642 [http-nio-8080-exec-57] INFO  c.e.a.i.TenantInterceptor - [preHandle,69] - &&&&&&&&&&& 当前租户:tenant4
18:00:19.642 [http-nio-8080-exec-56] INFO  c.e.a.i.TenantInterceptor - [preHandle,69] - &&&&&&&&&&& 当前租户:tenant4
18:00:21.104 [http-nio-8080-exec-59] INFO  c.e.a.i.TenantInterceptor - [preHandle,46] - &&&&&&&&&&&&&&&& 租户拦截 &&&&&&&&&&&&&&&&
18:00:21.104 [http-nio-8080-exec-58] INFO  c.e.a.i.TenantInterceptor - [preHandle,46] - &&&&&&&&&&&&&&&& 租户拦截 &&&&&&&&&&&&&&&&
18:00:21.104 [http-nio-8080-exec-59] INFO  c.e.a.i.TenantInterceptor - [preHandle,69] - &&&&&&&&&&& 当前租户:tenant4
18:00:21.104 [http-nio-8080-exec-58] INFO  c.e.a.i.TenantInterceptor - [preHandle,69] - &&&&&&&&&&& 当前租户:tenant4
18:00:22.141 [http-nio-8080-exec-60] INFO  c.e.a.i.TenantInterceptor - [preHandle,46] - &&&&&&&&&&&&&&&& 租户拦截 &&&&&&&&&&&&&&&&
18:00:22.141 [http-nio-8080-exec-60] INFO  c.e.a.i.TenantInterceptor - [preHandle,69] - &&&&&&&&&&& 当前租户:tenant4
18:00:22.445 [http-nio-8080-exec-61] INFO  c.e.a.i.TenantInterceptor - [preHandle,46] - &&&&&&&&&&&&&&&& 租户拦截 &&&&&&&&&&&&&&&&
18:00:22.445 [http-nio-8080-exec-63] INFO  c.e.a.i.TenantInterceptor - [preHandle,46] - &&&&&&&&&&&&&&&& 租户拦截 &&&&&&&&&&&&&&&&
18:00:22.449 [http-nio-8080-exec-62] INFO  c.e.a.i.TenantInterceptor - [preHandle,46] - &&&&&&&&&&&&&&&& 租户拦截 &&&&&&&&&&&&&&&&
18:00:22.449 [http-nio-8080-exec-64] INFO  c.e.a.i.TenantInterceptor - [preHandle,46] - &&&&&&&&&&&&&&&& 租户拦截 &&&&&&&&&&&&&&&&
18:00:22.449 [http-nio-8080-exec-61] INFO  c.e.a.i.TenantInterceptor - [preHandle,69] - &&&&&&&&&&& 当前租户:tenant4
18:00:22.449 [http-nio-8080-exec-63] INFO  c.e.a.i.TenantInterceptor - [preHandle,69] - &&&&&&&&&&& 当前租户:tenant4
18:00:22.449 [http-nio-8080-exec-64] INFO  c.e.a.i.TenantInterceptor - [preHandle,69] - &&&&&&&&&&& 当前租户:tenant4
18:00:22.449 [http-nio-8080-exec-62] INFO  c.e.a.i.TenantInterceptor - [preHandle,69] - &&&&&&&&&&& 当前租户:tenant4
18:00:24.342 [http-nio-8080-exec-65] INFO  c.e.a.i.TenantInterceptor - [preHandle,46] - &&&&&&&&&&&&&&&& 租户拦截 &&&&&&&&&&&&&&&&
18:00:24.342 [http-nio-8080-exec-65] INFO  c.e.a.i.TenantInterceptor - [preHandle,69] - &&&&&&&&&&& 当前租户:tenant4
18:00:26.468 [http-nio-8080-exec-66] INFO  c.e.a.i.TenantInterceptor - [preHandle,46] - &&&&&&&&&&&&&&&& 租户拦截 &&&&&&&&&&&&&&&&
18:00:26.468 [http-nio-8080-exec-66] INFO  c.e.a.i.TenantInterceptor - [preHandle,69] - &&&&&&&&&&& 当前租户:tenant4
18:00:26.766 [http-nio-8080-exec-67] INFO  c.e.a.i.TenantInterceptor - [preHandle,46] - &&&&&&&&&&&&&&&& 租户拦截 &&&&&&&&&&&&&&&&
18:00:26.770 [http-nio-8080-exec-67] INFO  c.e.a.i.TenantInterceptor - [preHandle,69] - &&&&&&&&&&& 当前租户:tenant4
18:00:27.757 [http-nio-8080-exec-72] INFO  c.e.a.i.TenantInterceptor - [preHandle,46] - &&&&&&&&&&&&&&&& 租户拦截 &&&&&&&&&&&&&&&&
18:00:27.757 [http-nio-8080-exec-71] INFO  c.e.a.i.TenantInterceptor - [preHandle,46] - &&&&&&&&&&&&&&&& 租户拦截 &&&&&&&&&&&&&&&&
18:00:27.757 [http-nio-8080-exec-72] INFO  c.e.a.i.TenantInterceptor - [preHandle,69] - &&&&&&&&&&& 当前租户:tenant4
18:00:27.757 [http-nio-8080-exec-68] INFO  c.e.a.i.TenantInterceptor - [preHandle,46] - &&&&&&&&&&&&&&&& 租户拦截 &&&&&&&&&&&&&&&&
18:00:27.757 [http-nio-8080-exec-70] INFO  c.e.a.i.TenantInterceptor - [preHandle,46] - &&&&&&&&&&&&&&&& 租户拦截 &&&&&&&&&&&&&&&&
18:00:27.757 [http-nio-8080-exec-69] INFO  c.e.a.i.TenantInterceptor - [preHandle,46] - &&&&&&&&&&&&&&&& 租户拦截 &&&&&&&&&&&&&&&&
18:00:27.757 [http-nio-8080-exec-71] INFO  c.e.a.i.TenantInterceptor - [preHandle,69] - &&&&&&&&&&& 当前租户:tenant4
18:00:27.759 [http-nio-8080-exec-68] INFO  c.e.a.i.TenantInterceptor - [preHandle,69] - &&&&&&&&&&& 当前租户:tenant4
18:00:27.759 [http-nio-8080-exec-70] INFO  c.e.a.i.TenantInterceptor - [preHandle,69] - &&&&&&&&&&& 当前租户:tenant4
18:00:27.759 [http-nio-8080-exec-69] INFO  c.e.a.i.TenantInterceptor - [preHandle,69] - &&&&&&&&&&& 当前租户:tenant4
18:00:29.155 [http-nio-8080-exec-77] INFO  c.e.a.i.TenantInterceptor - [preHandle,46] - &&&&&&&&&&&&&&&& 租户拦截 &&&&&&&&&&&&&&&&
18:00:29.155 [http-nio-8080-exec-77] INFO  c.e.a.i.TenantInterceptor - [preHandle,69] - &&&&&&&&&&& 当前租户:tenant4
18:00:30.400 [http-nio-8080-exec-76] INFO  c.e.a.i.TenantInterceptor - [preHandle,46] - &&&&&&&&&&&&&&&& 租户拦截 &&&&&&&&&&&&&&&&
18:00:30.400 [http-nio-8080-exec-76] INFO  c.e.a.i.TenantInterceptor - [preHandle,69] - &&&&&&&&&&& 当前租户:tenant4
18:00:30.784 [http-nio-8080-exec-75] INFO  c.e.a.i.TenantInterceptor - [preHandle,46] - &&&&&&&&&&&&&&&& 租户拦截 &&&&&&&&&&&&&&&&
18:00:30.784 [http-nio-8080-exec-75] INFO  c.e.a.i.TenantInterceptor - [preHandle,69] - &&&&&&&&&&& 当前租户:tenant4
18:00:31.539 [http-nio-8080-exec-74] INFO  c.e.a.i.TenantInterceptor - [preHandle,46] - &&&&&&&&&&&&&&&& 租户拦截 &&&&&&&&&&&&&&&&
18:00:31.539 [http-nio-8080-exec-74] INFO  c.e.a.i.TenantInterceptor - [preHandle,69] - &&&&&&&&&&& 当前租户:tenant4
18:00:40.285 [http-nio-8080-exec-73] INFO  c.e.a.i.TenantInterceptor - [preHandle,46] - &&&&&&&&&&&&&&&& 租户拦截 &&&&&&&&&&&&&&&&
18:00:40.285 [http-nio-8080-exec-73] INFO  c.e.a.i.TenantInterceptor - [preHandle,69] - &&&&&&&&&&& 当前租户:tenant4
18:00:45.439 [http-nio-8080-exec-78] INFO  c.e.a.i.TenantInterceptor - [preHandle,46] - &&&&&&&&&&&&&&&& 租户拦截 &&&&&&&&&&&&&&&&
18:00:45.439 [http-nio-8080-exec-78] INFO  c.e.a.i.TenantInterceptor - [preHandle,69] - &&&&&&&&&&& 当前租户:tenant4
18:00:48.997 [http-nio-8080-exec-79] INFO  c.e.a.i.TenantInterceptor - [preHandle,46] - &&&&&&&&&&&&&&&& 租户拦截 &&&&&&&&&&&&&&&&
18:00:48.997 [http-nio-8080-exec-79] INFO  c.e.a.i.TenantInterceptor - [preHandle,69] - &&&&&&&&&&& 当前租户:tenant4
18:01:03.805 [http-nio-8080-exec-84] INFO  c.e.a.i.TenantInterceptor - [preHandle,46] - &&&&&&&&&&&&&&&& 租户拦截 &&&&&&&&&&&&&&&&
18:01:03.805 [http-nio-8080-exec-83] INFO  c.e.a.i.TenantInterceptor - [preHandle,46] - &&&&&&&&&&&&&&&& 租户拦截 &&&&&&&&&&&&&&&&
18:01:03.805 [http-nio-8080-exec-84] INFO  c.e.a.i.TenantInterceptor - [preHandle,69] - &&&&&&&&&&& 当前租户:tenant4
18:01:03.805 [http-nio-8080-exec-81] INFO  c.e.a.i.TenantInterceptor - [preHandle,46] - &&&&&&&&&&&&&&&& 租户拦截 &&&&&&&&&&&&&&&&
18:01:03.805 [http-nio-8080-exec-80] INFO  c.e.a.i.TenantInterceptor - [preHandle,46] - &&&&&&&&&&&&&&&& 租户拦截 &&&&&&&&&&&&&&&&
18:01:03.805 [http-nio-8080-exec-85] INFO  c.e.a.i.TenantInterceptor - [preHandle,46] - &&&&&&&&&&&&&&&& 租户拦截 &&&&&&&&&&&&&&&&
18:01:03.805 [http-nio-8080-exec-83] INFO  c.e.a.i.TenantInterceptor - [preHandle,69] - &&&&&&&&&&& 当前租户:tenant4
18:01:03.805 [http-nio-8080-exec-81] INFO  c.e.a.i.TenantInterceptor - [preHandle,69] - &&&&&&&&&&& 当前租户:tenant4
18:01:03.805 [http-nio-8080-exec-80] INFO  c.e.a.i.TenantInterceptor - [preHandle,69] - &&&&&&&&&&& 当前租户:tenant4
18:01:03.805 [http-nio-8080-exec-85] INFO  c.e.a.i.TenantInterceptor - [preHandle,69] - &&&&&&&&&&& 当前租户:tenant4
18:01:30.574 [http-nio-8080-exec-82] INFO  c.e.a.i.TenantInterceptor - [preHandle,46] - &&&&&&&&&&&&&&&& 租户拦截 &&&&&&&&&&&&&&&&
18:01:30.574 [http-nio-8080-exec-82] INFO  c.e.a.i.TenantInterceptor - [preHandle,69] - &&&&&&&&&&& 当前租户:tenant4
18:01:39.127 [http-nio-8080-exec-86] INFO  c.e.a.i.TenantInterceptor - [preHandle,46] - &&&&&&&&&&&&&&&& 租户拦截 &&&&&&&&&&&&&&&&
18:01:39.128 [http-nio-8080-exec-86] INFO  c.e.a.i.TenantInterceptor - [preHandle,69] - &&&&&&&&&&& 当前租户:tenant4
18:01:39.143 [http-nio-8080-exec-87] INFO  c.e.a.i.TenantInterceptor - [preHandle,46] - &&&&&&&&&&&&&&&& 租户拦截 &&&&&&&&&&&&&&&&
18:01:39.143 [http-nio-8080-exec-87] INFO  c.e.a.i.TenantInterceptor - [preHandle,69] - &&&&&&&&&&& 当前租户:tenant4
18:01:39.401 [http-nio-8080-exec-89] INFO  c.e.a.i.TenantInterceptor - [preHandle,46] - &&&&&&&&&&&&&&&& 租户拦截 &&&&&&&&&&&&&&&&
18:01:39.401 [http-nio-8080-exec-89] INFO  c.e.a.i.TenantInterceptor - [preHandle,69] - &&&&&&&&&&& 当前租户:tenant4
18:01:39.694 [http-nio-8080-exec-91] INFO  c.e.a.i.TenantInterceptor - [preHandle,46] - &&&&&&&&&&&&&&&& 租户拦截 &&&&&&&&&&&&&&&&
18:01:39.694 [http-nio-8080-exec-91] INFO  c.e.a.i.TenantInterceptor - [preHandle,69] - &&&&&&&&&&& 当前租户:tenant4
18:01:39.702 [http-nio-8080-exec-92] INFO  c.e.a.i.TenantInterceptor - [preHandle,46] - &&&&&&&&&&&&&&&& 租户拦截 &&&&&&&&&&&&&&&&
18:01:39.702 [http-nio-8080-exec-88] INFO  c.e.a.i.TenantInterceptor - [preHandle,46] - &&&&&&&&&&&&&&&& 租户拦截 &&&&&&&&&&&&&&&&
18:01:39.702 [http-nio-8080-exec-92] INFO  c.e.a.i.TenantInterceptor - [preHandle,69] - &&&&&&&&&&& 当前租户:tenant4
18:01:39.702 [http-nio-8080-exec-88] INFO  c.e.a.i.TenantInterceptor - [preHandle,69] - &&&&&&&&&&& 当前租户:tenant4
18:01:39.702 [http-nio-8080-exec-90] INFO  c.e.a.i.TenantInterceptor - [preHandle,46] - &&&&&&&&&&&&&&&& 租户拦截 &&&&&&&&&&&&&&&&
18:01:39.702 [http-nio-8080-exec-90] INFO  c.e.a.i.TenantInterceptor - [preHandle,69] - &&&&&&&&&&& 当前租户:tenant4
18:01:41.329 [http-nio-8080-exec-95] INFO  c.e.a.i.TenantInterceptor - [preHandle,46] - &&&&&&&&&&&&&&&& 租户拦截 &&&&&&&&&&&&&&&&
18:01:41.329 [http-nio-8080-exec-95] INFO  c.e.a.i.TenantInterceptor - [preHandle,69] - &&&&&&&&&&& 当前租户:tenant4
18:01:41.329 [http-nio-8080-exec-93] INFO  c.e.a.i.TenantInterceptor - [preHandle,46] - &&&&&&&&&&&&&&&& 租户拦截 &&&&&&&&&&&&&&&&
18:01:41.329 [http-nio-8080-exec-93] INFO  c.e.a.i.TenantInterceptor - [preHandle,69] - &&&&&&&&&&& 当前租户:tenant4
18:01:54.170 [http-nio-8080-exec-94] INFO  c.e.a.i.TenantInterceptor - [preHandle,46] - &&&&&&&&&&&&&&&& 租户拦截 &&&&&&&&&&&&&&&&
18:01:54.170 [http-nio-8080-exec-94] INFO  c.e.a.i.TenantInterceptor - [preHandle,69] - &&&&&&&&&&& 当前租户:tenant4
18:01:55.531 [http-nio-8080-exec-96] INFO  c.e.a.i.TenantInterceptor - [preHandle,46] - &&&&&&&&&&&&&&&& 租户拦截 &&&&&&&&&&&&&&&&
18:01:55.532 [http-nio-8080-exec-96] INFO  c.e.a.i.TenantInterceptor - [preHandle,69] - &&&&&&&&&&& 当前租户:tenant4
18:01:57.675 [http-nio-8080-exec-97] INFO  c.e.a.i.TenantInterceptor - [preHandle,46] - &&&&&&&&&&&&&&&& 租户拦截 &&&&&&&&&&&&&&&&
18:01:57.675 [http-nio-8080-exec-97] INFO  c.e.a.i.TenantInterceptor - [preHandle,69] - &&&&&&&&&&& 当前租户:tenant4
18:01:57.818 [http-nio-8080-exec-99] INFO  c.e.a.i.TenantInterceptor - [preHandle,46] - &&&&&&&&&&&&&&&& 租户拦截 &&&&&&&&&&&&&&&&
18:01:57.818 [http-nio-8080-exec-99] INFO  c.e.a.i.TenantInterceptor - [preHandle,69] - &&&&&&&&&&& 当前租户:tenant4
18:01:57.818 [http-nio-8080-exec-98] INFO  c.e.a.i.TenantInterceptor - [preHandle,46] - &&&&&&&&&&&&&&&& 租户拦截 &&&&&&&&&&&&&&&&
18:01:57.818 [http-nio-8080-exec-98] INFO  c.e.a.i.TenantInterceptor - [preHandle,69] - &&&&&&&&&&& 当前租户:tenant4
18:02:20.274 [http-nio-8080-exec-1] INFO  c.e.a.i.TenantInterceptor - [preHandle,46] - &&&&&&&&&&&&&&&& 租户拦截 &&&&&&&&&&&&&&&&
18:02:20.274 [http-nio-8080-exec-1] INFO  c.e.a.i.TenantInterceptor - [preHandle,69] - &&&&&&&&&&& 当前租户:tenant4
18:02:20.579 [http-nio-8080-exec-100] INFO  c.e.a.i.TenantInterceptor - [preHandle,46] - &&&&&&&&&&&&&&&& 租户拦截 &&&&&&&&&&&&&&&&
18:02:20.579 [http-nio-8080-exec-100] INFO  c.e.a.i.TenantInterceptor - [preHandle,69] - &&&&&&&&&&& 当前租户:tenant4
18:02:21.241 [http-nio-8080-exec-4] INFO  c.e.a.i.TenantInterceptor - [preHandle,46] - &&&&&&&&&&&&&&&& 租户拦截 &&&&&&&&&&&&&&&&
18:02:21.241 [http-nio-8080-exec-5] INFO  c.e.a.i.TenantInterceptor - [preHandle,46] - &&&&&&&&&&&&&&&& 租户拦截 &&&&&&&&&&&&&&&&
18:02:21.241 [http-nio-8080-exec-3] INFO  c.e.a.i.TenantInterceptor - [preHandle,46] - &&&&&&&&&&&&&&&& 租户拦截 &&&&&&&&&&&&&&&&
18:02:21.241 [http-nio-8080-exec-6] INFO  c.e.a.i.TenantInterceptor - [preHandle,46] - &&&&&&&&&&&&&&&& 租户拦截 &&&&&&&&&&&&&&&&
18:02:21.241 [http-nio-8080-exec-2] INFO  c.e.a.i.TenantInterceptor - [preHandle,46] - &&&&&&&&&&&&&&&& 租户拦截 &&&&&&&&&&&&&&&&
18:02:21.244 [http-nio-8080-exec-4] INFO  c.e.a.i.TenantInterceptor - [preHandle,69] - &&&&&&&&&&& 当前租户:tenant4
18:02:21.244 [http-nio-8080-exec-5] INFO  c.e.a.i.TenantInterceptor - [preHandle,69] - &&&&&&&&&&& 当前租户:tenant4
18:02:21.244 [http-nio-8080-exec-3] INFO  c.e.a.i.TenantInterceptor - [preHandle,69] - &&&&&&&&&&& 当前租户:tenant4
18:02:21.244 [http-nio-8080-exec-6] INFO  c.e.a.i.TenantInterceptor - [preHandle,69] - &&&&&&&&&&& 当前租户:tenant4
18:02:21.244 [http-nio-8080-exec-2] INFO  c.e.a.i.TenantInterceptor - [preHandle,69] - &&&&&&&&&&& 当前租户:tenant4
18:02:23.634 [http-nio-8080-exec-7] INFO  c.e.a.i.TenantInterceptor - [preHandle,46] - &&&&&&&&&&&&&&&& 租户拦截 &&&&&&&&&&&&&&&&
18:02:23.634 [http-nio-8080-exec-7] INFO  c.e.a.i.TenantInterceptor - [preHandle,69] - &&&&&&&&&&& 当前租户:tenant4
18:02:25.462 [http-nio-8080-exec-8] INFO  c.e.a.i.TenantInterceptor - [preHandle,46] - &&&&&&&&&&&&&&&& 租户拦截 &&&&&&&&&&&&&&&&
18:02:25.466 [http-nio-8080-exec-8] INFO  c.e.a.i.TenantInterceptor - [preHandle,69] - &&&&&&&&&&& 当前租户:tenant4
18:02:26.370 [http-nio-8080-exec-9] INFO  c.e.a.i.TenantInterceptor - [preHandle,46] - &&&&&&&&&&&&&&&& 租户拦截 &&&&&&&&&&&&&&&&
18:02:26.370 [http-nio-8080-exec-9] INFO  c.e.a.i.TenantInterceptor - [preHandle,69] - &&&&&&&&&&& 当前租户:tenant4
18:02:30.072 [http-nio-8080-exec-10] INFO  c.e.a.i.TenantInterceptor - [preHandle,46] - &&&&&&&&&&&&&&&& 租户拦截 &&&&&&&&&&&&&&&&
18:02:30.072 [http-nio-8080-exec-10] INFO  c.e.a.i.TenantInterceptor - [preHandle,69] - &&&&&&&&&&& 当前租户:tenant4
18:02:30.725 [http-nio-8080-exec-11] INFO  c.e.a.i.TenantInterceptor - [preHandle,46] - &&&&&&&&&&&&&&&& 租户拦截 &&&&&&&&&&&&&&&&
18:02:30.725 [http-nio-8080-exec-11] INFO  c.e.a.i.TenantInterceptor - [preHandle,69] - &&&&&&&&&&& 当前租户:tenant4
18:02:32.824 [http-nio-8080-exec-12] INFO  c.e.a.i.TenantInterceptor - [preHandle,46] - &&&&&&&&&&&&&&&& 租户拦截 &&&&&&&&&&&&&&&&
18:02:32.824 [http-nio-8080-exec-12] INFO  c.e.a.i.TenantInterceptor - [preHandle,69] - &&&&&&&&&&& 当前租户:tenant4
18:02:33.075 [http-nio-8080-exec-13] INFO  c.e.a.i.TenantInterceptor - [preHandle,46] - &&&&&&&&&&&&&&&& 租户拦截 &&&&&&&&&&&&&&&&
18:02:33.075 [http-nio-8080-exec-13] INFO  c.e.a.i.TenantInterceptor - [preHandle,69] - &&&&&&&&&&& 当前租户:tenant4
18:02:33.677 [http-nio-8080-exec-14] INFO  c.e.a.i.TenantInterceptor - [preHandle,46] - &&&&&&&&&&&&&&&& 租户拦截 &&&&&&&&&&&&&&&&
18:02:33.677 [http-nio-8080-exec-14] INFO  c.e.a.i.TenantInterceptor - [preHandle,69] - &&&&&&&&&&& 当前租户:tenant4
18:02:36.641 [http-nio-8080-exec-15] INFO  c.e.a.i.TenantInterceptor - [preHandle,46] - &&&&&&&&&&&&&&&& 租户拦截 &&&&&&&&&&&&&&&&
18:02:36.641 [http-nio-8080-exec-15] INFO  c.e.a.i.TenantInterceptor - [preHandle,69] - &&&&&&&&&&& 当前租户:tenant4
18:02:37.915 [http-nio-8080-exec-16] INFO  c.e.a.i.TenantInterceptor - [preHandle,46] - &&&&&&&&&&&&&&&& 租户拦截 &&&&&&&&&&&&&&&&
18:02:37.915 [http-nio-8080-exec-16] INFO  c.e.a.i.TenantInterceptor - [preHandle,69] - &&&&&&&&&&& 当前租户:tenant4
18:02:50.429 [http-nio-8080-exec-19] INFO  c.e.a.i.TenantInterceptor - [preHandle,46] - &&&&&&&&&&&&&&&& 租户拦截 &&&&&&&&&&&&&&&&
18:02:50.429 [http-nio-8080-exec-18] INFO  c.e.a.i.TenantInterceptor - [preHandle,46] - &&&&&&&&&&&&&&&& 租户拦截 &&&&&&&&&&&&&&&&
18:02:50.429 [http-nio-8080-exec-17] INFO  c.e.a.i.TenantInterceptor - [preHandle,46] - &&&&&&&&&&&&&&&& 租户拦截 &&&&&&&&&&&&&&&&
18:02:50.429 [http-nio-8080-exec-19] INFO  c.e.a.i.TenantInterceptor - [preHandle,69] - &&&&&&&&&&& 当前租户:tenant4
18:02:50.429 [http-nio-8080-exec-18] INFO  c.e.a.i.TenantInterceptor - [preHandle,69] - &&&&&&&&&&& 当前租户:tenant4
18:02:50.429 [http-nio-8080-exec-17] INFO  c.e.a.i.TenantInterceptor - [preHandle,69] - &&&&&&&&&&& 当前租户:tenant4
18:02:50.732 [http-nio-8080-exec-21] INFO  c.e.a.i.TenantInterceptor - [preHandle,46] - &&&&&&&&&&&&&&&& 租户拦截 &&&&&&&&&&&&&&&&
18:02:50.732 [http-nio-8080-exec-21] INFO  c.e.a.i.TenantInterceptor - [preHandle,69] - &&&&&&&&&&& 当前租户:tenant4
18:02:51.037 [http-nio-8080-exec-23] INFO  c.e.a.i.TenantInterceptor - [preHandle,46] - &&&&&&&&&&&&&&&& 租户拦截 &&&&&&&&&&&&&&&&
18:02:51.037 [http-nio-8080-exec-23] INFO  c.e.a.i.TenantInterceptor - [preHandle,69] - &&&&&&&&&&& 当前租户:tenant4
18:03:02.216 [http-nio-8080-exec-22] INFO  c.e.a.i.TenantInterceptor - [preHandle,46] - &&&&&&&&&&&&&&&& 租户拦截 &&&&&&&&&&&&&&&&
18:03:02.216 [http-nio-8080-exec-20] INFO  c.e.a.i.TenantInterceptor - [preHandle,46] - &&&&&&&&&&&&&&&& 租户拦截 &&&&&&&&&&&&&&&&
18:03:02.216 [http-nio-8080-exec-22] INFO  c.e.a.i.TenantInterceptor - [preHandle,69] - &&&&&&&&&&& 当前租户:tenant4
18:03:02.216 [http-nio-8080-exec-20] INFO  c.e.a.i.TenantInterceptor - [preHandle,69] - &&&&&&&&&&& 当前租户:tenant4
18:03:04.196 [http-nio-8080-exec-24] INFO  c.e.a.i.TenantInterceptor - [preHandle,46] - &&&&&&&&&&&&&&&& 租户拦截 &&&&&&&&&&&&&&&&
18:03:04.196 [http-nio-8080-exec-24] INFO  c.e.a.i.TenantInterceptor - [preHandle,69] - &&&&&&&&&&& 当前租户:tenant4
18:03:04.498 [http-nio-8080-exec-25] INFO  c.e.a.i.TenantInterceptor - [preHandle,46] - &&&&&&&&&&&&&&&& 租户拦截 &&&&&&&&&&&&&&&&
18:03:04.498 [http-nio-8080-exec-25] INFO  c.e.a.i.TenantInterceptor - [preHandle,69] - &&&&&&&&&&& 当前租户:tenant4
18:03:05.356 [http-nio-8080-exec-27] INFO  c.e.a.i.TenantInterceptor - [preHandle,46] - &&&&&&&&&&&&&&&& 租户拦截 &&&&&&&&&&&&&&&&
18:03:05.356 [http-nio-8080-exec-27] INFO  c.e.a.i.TenantInterceptor - [preHandle,69] - &&&&&&&&&&& 当前租户:tenant4
18:03:05.356 [http-nio-8080-exec-26] INFO  c.e.a.i.TenantInterceptor - [preHandle,46] - &&&&&&&&&&&&&&&& 租户拦截 &&&&&&&&&&&&&&&&
18:03:05.356 [http-nio-8080-exec-26] INFO  c.e.a.i.TenantInterceptor - [preHandle,69] - &&&&&&&&&&& 当前租户:tenant4
18:03:06.163 [http-nio-8080-exec-31] INFO  c.e.a.i.TenantInterceptor - [preHandle,46] - &&&&&&&&&&&&&&&& 租户拦截 &&&&&&&&&&&&&&&&
18:03:06.163 [http-nio-8080-exec-31] INFO  c.e.a.i.TenantInterceptor - [preHandle,69] - &&&&&&&&&&& 当前租户:tenant4
18:03:06.464 [http-nio-8080-exec-28] INFO  c.e.a.i.TenantInterceptor - [preHandle,46] - &&&&&&&&&&&&&&&& 租户拦截 &&&&&&&&&&&&&&&&
18:03:06.464 [http-nio-8080-exec-28] INFO  c.e.a.i.TenantInterceptor - [preHandle,69] - &&&&&&&&&&& 当前租户:tenant4
18:03:07.410 [http-nio-8080-exec-30] INFO  c.e.a.i.TenantInterceptor - [preHandle,46] - &&&&&&&&&&&&&&&& 租户拦截 &&&&&&&&&&&&&&&&
18:03:07.412 [http-nio-8080-exec-29] INFO  c.e.a.i.TenantInterceptor - [preHandle,46] - &&&&&&&&&&&&&&&& 租户拦截 &&&&&&&&&&&&&&&&
18:03:07.412 [http-nio-8080-exec-32] INFO  c.e.a.i.TenantInterceptor - [preHandle,46] - &&&&&&&&&&&&&&&& 租户拦截 &&&&&&&&&&&&&&&&
18:03:07.412 [http-nio-8080-exec-30] INFO  c.e.a.i.TenantInterceptor - [preHandle,69] - &&&&&&&&&&& 当前租户:tenant4
18:03:07.412 [http-nio-8080-exec-32] INFO  c.e.a.i.TenantInterceptor - [preHandle,69] - &&&&&&&&&&& 当前租户:tenant4
18:03:07.412 [http-nio-8080-exec-29] INFO  c.e.a.i.TenantInterceptor - [preHandle,69] - &&&&&&&&&&& 当前租户:tenant4
18:03:07.955 [http-nio-8080-exec-33] INFO  c.e.a.i.TenantInterceptor - [preHandle,46] - &&&&&&&&&&&&&&&& 租户拦截 &&&&&&&&&&&&&&&&
18:03:07.955 [http-nio-8080-exec-33] INFO  c.e.a.i.TenantInterceptor - [preHandle,69] - &&&&&&&&&&& 当前租户:tenant4
18:03:08.256 [http-nio-8080-exec-34] INFO  c.e.a.i.TenantInterceptor - [preHandle,46] - &&&&&&&&&&&&&&&& 租户拦截 &&&&&&&&&&&&&&&&
18:03:08.256 [http-nio-8080-exec-34] INFO  c.e.a.i.TenantInterceptor - [preHandle,69] - &&&&&&&&&&& 当前租户:tenant4
18:03:09.169 [http-nio-8080-exec-36] INFO  c.e.a.i.TenantInterceptor - [preHandle,46] - &&&&&&&&&&&&&&&& 租户拦截 &&&&&&&&&&&&&&&&
18:03:09.169 [http-nio-8080-exec-38] INFO  c.e.a.i.TenantInterceptor - [preHandle,46] - &&&&&&&&&&&&&&&& 租户拦截 &&&&&&&&&&&&&&&&
18:03:09.169 [http-nio-8080-exec-36] INFO  c.e.a.i.TenantInterceptor - [preHandle,69] - &&&&&&&&&&& 当前租户:tenant4
18:03:09.169 [http-nio-8080-exec-35] INFO  c.e.a.i.TenantInterceptor - [preHandle,46] - &&&&&&&&&&&&&&&& 租户拦截 &&&&&&&&&&&&&&&&
18:03:09.169 [http-nio-8080-exec-37] INFO  c.e.a.i.TenantInterceptor - [preHandle,46] - &&&&&&&&&&&&&&&& 租户拦截 &&&&&&&&&&&&&&&&
18:03:09.169 [http-nio-8080-exec-39] INFO  c.e.a.i.TenantInterceptor - [preHandle,46] - &&&&&&&&&&&&&&&& 租户拦截 &&&&&&&&&&&&&&&&
18:03:09.169 [http-nio-8080-exec-38] INFO  c.e.a.i.TenantInterceptor - [preHandle,69] - &&&&&&&&&&& 当前租户:tenant4
18:03:09.169 [http-nio-8080-exec-35] INFO  c.e.a.i.TenantInterceptor - [preHandle,69] - &&&&&&&&&&& 当前租户:tenant4
18:03:09.169 [http-nio-8080-exec-37] INFO  c.e.a.i.TenantInterceptor - [preHandle,69] - &&&&&&&&&&& 当前租户:tenant4
18:03:09.169 [http-nio-8080-exec-39] INFO  c.e.a.i.TenantInterceptor - [preHandle,69] - &&&&&&&&&&& 当前租户:tenant4
18:10:29.576 [http-nio-8080-exec-41] INFO  c.e.a.i.TenantInterceptor - [preHandle,46] - &&&&&&&&&&&&&&&& 租户拦截 &&&&&&&&&&&&&&&&
18:10:29.576 [http-nio-8080-exec-40] INFO  c.e.a.i.TenantInterceptor - [preHandle,46] - &&&&&&&&&&&&&&&& 租户拦截 &&&&&&&&&&&&&&&&
18:10:29.576 [http-nio-8080-exec-41] INFO  c.e.a.i.TenantInterceptor - [preHandle,69] - &&&&&&&&&&& 当前租户:tenant4
18:10:29.576 [http-nio-8080-exec-40] INFO  c.e.a.i.TenantInterceptor - [preHandle,69] - &&&&&&&&&&& 当前租户:tenant4
18:10:31.621 [http-nio-8080-exec-42] INFO  c.e.a.i.TenantInterceptor - [preHandle,46] - &&&&&&&&&&&&&&&& 租户拦截 &&&&&&&&&&&&&&&&
18:10:31.621 [http-nio-8080-exec-42] INFO  c.e.a.i.TenantInterceptor - [preHandle,69] - &&&&&&&&&&& 当前租户:tenant4
18:10:31.931 [http-nio-8080-exec-43] INFO  c.e.a.i.TenantInterceptor - [preHandle,46] - &&&&&&&&&&&&&&&& 租户拦截 &&&&&&&&&&&&&&&&
18:10:31.931 [http-nio-8080-exec-45] INFO  c.e.a.i.TenantInterceptor - [preHandle,46] - &&&&&&&&&&&&&&&& 租户拦截 &&&&&&&&&&&&&&&&
18:10:31.931 [http-nio-8080-exec-44] INFO  c.e.a.i.TenantInterceptor - [preHandle,46] - &&&&&&&&&&&&&&&& 租户拦截 &&&&&&&&&&&&&&&&
18:10:31.931 [http-nio-8080-exec-43] INFO  c.e.a.i.TenantInterceptor - [preHandle,69] - &&&&&&&&&&& 当前租户:tenant4
18:10:31.931 [http-nio-8080-exec-45] INFO  c.e.a.i.TenantInterceptor - [preHandle,69] - &&&&&&&&&&& 当前租户:tenant4
18:10:31.931 [http-nio-8080-exec-44] INFO  c.e.a.i.TenantInterceptor - [preHandle,69] - &&&&&&&&&&& 当前租户:tenant4
18:10:31.931 [http-nio-8080-exec-48] INFO  c.e.a.i.TenantInterceptor - [preHandle,46] - &&&&&&&&&&&&&&&& 租户拦截 &&&&&&&&&&&&&&&&
18:10:31.931 [http-nio-8080-exec-46] INFO  c.e.a.i.TenantInterceptor - [preHandle,46] - &&&&&&&&&&&&&&&& 租户拦截 &&&&&&&&&&&&&&&&
18:10:31.931 [http-nio-8080-exec-48] INFO  c.e.a.i.TenantInterceptor - [preHandle,69] - &&&&&&&&&&& 当前租户:tenant4
18:10:31.931 [http-nio-8080-exec-46] INFO  c.e.a.i.TenantInterceptor - [preHandle,69] - &&&&&&&&&&& 当前租户:tenant4
18:10:31.940 [http-nio-8080-exec-47] INFO  c.e.a.i.TenantInterceptor - [preHandle,46] - &&&&&&&&&&&&&&&& 租户拦截 &&&&&&&&&&&&&&&&
18:10:31.940 [http-nio-8080-exec-47] INFO  c.e.a.i.TenantInterceptor - [preHandle,69] - &&&&&&&&&&& 当前租户:tenant4
18:10:32.248 [http-nio-8080-exec-49] INFO  c.e.a.i.TenantInterceptor - [preHandle,46] - &&&&&&&&&&&&&&&& 租户拦截 &&&&&&&&&&&&&&&&
18:10:32.248 [http-nio-8080-exec-49] INFO  c.e.a.i.TenantInterceptor - [preHandle,69] - &&&&&&&&&&& 当前租户:tenant4
18:10:37.350 [http-nio-8080-exec-54] INFO  c.e.a.i.TenantInterceptor - [preHandle,46] - &&&&&&&&&&&&&&&& 租户拦截 &&&&&&&&&&&&&&&&
18:10:37.350 [http-nio-8080-exec-52] INFO  c.e.a.i.TenantInterceptor - [preHandle,46] - &&&&&&&&&&&&&&&& 租户拦截 &&&&&&&&&&&&&&&&
18:10:37.350 [http-nio-8080-exec-53] INFO  c.e.a.i.TenantInterceptor - [preHandle,46] - &&&&&&&&&&&&&&&& 租户拦截 &&&&&&&&&&&&&&&&
18:10:37.350 [http-nio-8080-exec-51] INFO  c.e.a.i.TenantInterceptor - [preHandle,46] - &&&&&&&&&&&&&&&& 租户拦截 &&&&&&&&&&&&&&&&
18:10:37.350 [http-nio-8080-exec-55] INFO  c.e.a.i.TenantInterceptor - [preHandle,46] - &&&&&&&&&&&&&&&& 租户拦截 &&&&&&&&&&&&&&&&
18:10:37.350 [http-nio-8080-exec-50] INFO  c.e.a.i.TenantInterceptor - [preHandle,46] - &&&&&&&&&&&&&&&& 租户拦截 &&&&&&&&&&&&&&&&
18:10:37.350 [http-nio-8080-exec-54] INFO  c.e.a.i.TenantInterceptor - [preHandle,69] - &&&&&&&&&&& 当前租户:tenant4
18:10:37.350 [http-nio-8080-exec-52] INFO  c.e.a.i.TenantInterceptor - [preHandle,69] - &&&&&&&&&&& 当前租户:tenant4
18:10:37.350 [http-nio-8080-exec-51] INFO  c.e.a.i.TenantInterceptor - [preHandle,69] - &&&&&&&&&&& 当前租户:tenant4
18:10:37.350 [http-nio-8080-exec-53] INFO  c.e.a.i.TenantInterceptor - [preHandle,69] - &&&&&&&&&&& 当前租户:tenant4
18:10:37.350 [http-nio-8080-exec-55] INFO  c.e.a.i.TenantInterceptor - [preHandle,69] - &&&&&&&&&&& 当前租户:tenant4
18:10:37.350 [http-nio-8080-exec-50] INFO  c.e.a.i.TenantInterceptor - [preHandle,69] - &&&&&&&&&&& 当前租户:tenant4
18:10:37.656 [http-nio-8080-exec-56] INFO  c.e.a.i.TenantInterceptor - [preHandle,46] - &&&&&&&&&&&&&&&& 租户拦截 &&&&&&&&&&&&&&&&
18:10:37.656 [http-nio-8080-exec-56] INFO  c.e.a.i.TenantInterceptor - [preHandle,69] - &&&&&&&&&&& 当前租户:tenant4
18:10:40.095 [http-nio-8080-exec-58] INFO  c.e.a.i.TenantInterceptor - [preHandle,46] - &&&&&&&&&&&&&&&& 租户拦截 &&&&&&&&&&&&&&&&
18:10:40.095 [http-nio-8080-exec-59] INFO  c.e.a.i.TenantInterceptor - [preHandle,46] - &&&&&&&&&&&&&&&& 租户拦截 &&&&&&&&&&&&&&&&
18:10:40.095 [http-nio-8080-exec-57] INFO  c.e.a.i.TenantInterceptor - [preHandle,46] - &&&&&&&&&&&&&&&& 租户拦截 &&&&&&&&&&&&&&&&
18:10:40.095 [http-nio-8080-exec-60] INFO  c.e.a.i.TenantInterceptor - [preHandle,46] - &&&&&&&&&&&&&&&& 租户拦截 &&&&&&&&&&&&&&&&
18:10:40.095 [http-nio-8080-exec-62] INFO  c.e.a.i.TenantInterceptor - [preHandle,46] - &&&&&&&&&&&&&&&& 租户拦截 &&&&&&&&&&&&&&&&
18:10:40.095 [http-nio-8080-exec-64] INFO  c.e.a.i.TenantInterceptor - [preHandle,46] - &&&&&&&&&&&&&&&& 租户拦截 &&&&&&&&&&&&&&&&
18:10:40.095 [http-nio-8080-exec-58] INFO  c.e.a.i.TenantInterceptor - [preHandle,69] - &&&&&&&&&&& 当前租户:tenant4
18:10:40.095 [http-nio-8080-exec-59] INFO  c.e.a.i.TenantInterceptor - [preHandle,69] - &&&&&&&&&&& 当前租户:tenant4
18:10:40.095 [http-nio-8080-exec-62] INFO  c.e.a.i.TenantInterceptor - [preHandle,69] - &&&&&&&&&&& 当前租户:tenant4
18:10:40.095 [http-nio-8080-exec-64] INFO  c.e.a.i.TenantInterceptor - [preHandle,69] - &&&&&&&&&&& 当前租户:tenant4
18:10:40.095 [http-nio-8080-exec-60] INFO  c.e.a.i.TenantInterceptor - [preHandle,69] - &&&&&&&&&&& 当前租户:tenant4
18:10:40.095 [http-nio-8080-exec-57] INFO  c.e.a.i.TenantInterceptor - [preHandle,69] - &&&&&&&&&&& 当前租户:tenant4
18:10:40.404 [http-nio-8080-exec-63] INFO  c.e.a.i.TenantInterceptor - [preHandle,46] - &&&&&&&&&&&&&&&& 租户拦截 &&&&&&&&&&&&&&&&
18:10:40.404 [http-nio-8080-exec-63] INFO  c.e.a.i.TenantInterceptor - [preHandle,69] - &&&&&&&&&&& 当前租户:tenant4
18:10:43.200 [http-nio-8080-exec-65] INFO  c.e.a.i.TenantInterceptor - [preHandle,46] - &&&&&&&&&&&&&&&& 租户拦截 &&&&&&&&&&&&&&&&
18:10:43.200 [http-nio-8080-exec-65] INFO  c.e.a.i.TenantInterceptor - [preHandle,69] - &&&&&&&&&&& 当前租户:tenant4
18:10:43.200 [http-nio-8080-exec-61] INFO  c.e.a.i.TenantInterceptor - [preHandle,46] - &&&&&&&&&&&&&&&& 租户拦截 &&&&&&&&&&&&&&&&
18:10:43.200 [http-nio-8080-exec-67] INFO  c.e.a.i.TenantInterceptor - [preHandle,46] - &&&&&&&&&&&&&&&& 租户拦截 &&&&&&&&&&&&&&&&
18:10:43.200 [http-nio-8080-exec-61] INFO  c.e.a.i.TenantInterceptor - [preHandle,69] - &&&&&&&&&&& 当前租户:tenant4
18:10:43.200 [http-nio-8080-exec-67] INFO  c.e.a.i.TenantInterceptor - [preHandle,69] - &&&&&&&&&&& 当前租户:tenant4
18:10:43.200 [http-nio-8080-exec-66] INFO  c.e.a.i.TenantInterceptor - [preHandle,46] - &&&&&&&&&&&&&&&& 租户拦截 &&&&&&&&&&&&&&&&
18:10:43.200 [http-nio-8080-exec-66] INFO  c.e.a.i.TenantInterceptor - [preHandle,69] - &&&&&&&&&&& 当前租户:tenant4
18:10:43.204 [http-nio-8080-exec-70] INFO  c.e.a.i.TenantInterceptor - [preHandle,46] - &&&&&&&&&&&&&&&& 租户拦截 &&&&&&&&&&&&&&&&
18:10:43.204 [http-nio-8080-exec-69] INFO  c.e.a.i.TenantInterceptor - [preHandle,46] - &&&&&&&&&&&&&&&& 租户拦截 &&&&&&&&&&&&&&&&
18:10:43.204 [http-nio-8080-exec-70] INFO  c.e.a.i.TenantInterceptor - [preHandle,69] - &&&&&&&&&&& 当前租户:tenant4
18:10:43.204 [http-nio-8080-exec-69] INFO  c.e.a.i.TenantInterceptor - [preHandle,69] - &&&&&&&&&&& 当前租户:tenant4
18:10:43.506 [http-nio-8080-exec-68] INFO  c.e.a.i.TenantInterceptor - [preHandle,46] - &&&&&&&&&&&&&&&& 租户拦截 &&&&&&&&&&&&&&&&
18:10:43.506 [http-nio-8080-exec-68] INFO  c.e.a.i.TenantInterceptor - [preHandle,69] - &&&&&&&&&&& 当前租户:tenant4
18:10:43.515 [http-nio-8080-exec-72] INFO  c.e.a.i.TenantInterceptor - [preHandle,46] - &&&&&&&&&&&&&&&& 租户拦截 &&&&&&&&&&&&&&&&
18:10:43.515 [http-nio-8080-exec-72] INFO  c.e.a.i.TenantInterceptor - [preHandle,69] - &&&&&&&&&&& 当前租户:tenant4
18:10:44.590 [http-nio-8080-exec-76] INFO  c.e.a.i.TenantInterceptor - [preHandle,46] - &&&&&&&&&&&&&&&& 租户拦截 &&&&&&&&&&&&&&&&
18:10:44.590 [http-nio-8080-exec-71] INFO  c.e.a.i.TenantInterceptor - [preHandle,46] - &&&&&&&&&&&&&&&& 租户拦截 &&&&&&&&&&&&&&&&
18:10:44.590 [http-nio-8080-exec-75] INFO  c.e.a.i.TenantInterceptor - [preHandle,46] - &&&&&&&&&&&&&&&& 租户拦截 &&&&&&&&&&&&&&&&
18:10:44.594 [http-nio-8080-exec-76] INFO  c.e.a.i.TenantInterceptor - [preHandle,69] - &&&&&&&&&&& 当前租户:tenant4
18:10:44.594 [http-nio-8080-exec-71] INFO  c.e.a.i.TenantInterceptor - [preHandle,69] - &&&&&&&&&&& 当前租户:tenant4
18:10:44.594 [http-nio-8080-exec-75] INFO  c.e.a.i.TenantInterceptor - [preHandle,69] - &&&&&&&&&&& 当前租户:tenant4
18:10:44.594 [http-nio-8080-exec-73] INFO  c.e.a.i.TenantInterceptor - [preHandle,46] - &&&&&&&&&&&&&&&& 租户拦截 &&&&&&&&&&&&&&&&
18:10:44.594 [http-nio-8080-exec-77] INFO  c.e.a.i.TenantInterceptor - [preHandle,46] - &&&&&&&&&&&&&&&& 租户拦截 &&&&&&&&&&&&&&&&
18:10:44.594 [http-nio-8080-exec-73] INFO  c.e.a.i.TenantInterceptor - [preHandle,69] - &&&&&&&&&&& 当前租户:tenant4
18:10:44.594 [http-nio-8080-exec-74] INFO  c.e.a.i.TenantInterceptor - [preHandle,46] - &&&&&&&&&&&&&&&& 租户拦截 &&&&&&&&&&&&&&&&
18:10:44.594 [http-nio-8080-exec-77] INFO  c.e.a.i.TenantInterceptor - [preHandle,69] - &&&&&&&&&&& 当前租户:tenant4
18:10:44.594 [http-nio-8080-exec-74] INFO  c.e.a.i.TenantInterceptor - [preHandle,69] - &&&&&&&&&&& 当前租户:tenant4
18:10:44.916 [http-nio-8080-exec-79] INFO  c.e.a.i.TenantInterceptor - [preHandle,46] - &&&&&&&&&&&&&&&& 租户拦截 &&&&&&&&&&&&&&&&
18:10:44.916 [http-nio-8080-exec-78] INFO  c.e.a.i.TenantInterceptor - [preHandle,46] - &&&&&&&&&&&&&&&& 租户拦截 &&&&&&&&&&&&&&&&
18:10:44.916 [http-nio-8080-exec-78] INFO  c.e.a.i.TenantInterceptor - [preHandle,69] - &&&&&&&&&&& 当前租户:tenant4
18:10:44.916 [http-nio-8080-exec-79] INFO  c.e.a.i.TenantInterceptor - [preHandle,69] - &&&&&&&&&&& 当前租户:tenant4
18:10:55.554 [http-nio-8080-exec-85] INFO  c.e.a.i.TenantInterceptor - [preHandle,46] - &&&&&&&&&&&&&&&& 租户拦截 &&&&&&&&&&&&&&&&
18:10:55.554 [http-nio-8080-exec-85] INFO  c.e.a.i.TenantInterceptor - [preHandle,69] - &&&&&&&&&&& 当前租户:tenant4
18:10:55.804 [http-nio-8080-exec-81] INFO  c.e.a.i.TenantInterceptor - [preHandle,46] - &&&&&&&&&&&&&&&& 租户拦截 &&&&&&&&&&&&&&&&
18:10:55.804 [http-nio-8080-exec-81] INFO  c.e.a.i.TenantInterceptor - [preHandle,69] - &&&&&&&&&&& 当前租户:tenant4
18:10:58.848 [http-nio-8080-exec-80] INFO  c.e.a.i.TenantInterceptor - [preHandle,46] - &&&&&&&&&&&&&&&& 租户拦截 &&&&&&&&&&&&&&&&
18:10:58.848 [http-nio-8080-exec-80] INFO  c.e.a.i.TenantInterceptor - [preHandle,69] - &&&&&&&&&&& 当前租户:tenant4
18:10:59.951 [http-nio-8080-exec-84] INFO  c.e.a.i.TenantInterceptor - [preHandle,46] - &&&&&&&&&&&&&&&& 租户拦截 &&&&&&&&&&&&&&&&
18:10:59.952 [http-nio-8080-exec-84] INFO  c.e.a.i.TenantInterceptor - [preHandle,69] - &&&&&&&&&&& 当前租户:tenant4
18:11:00.655 [http-nio-8080-exec-83] INFO  c.e.a.i.TenantInterceptor - [preHandle,46] - &&&&&&&&&&&&&&&& 租户拦截 &&&&&&&&&&&&&&&&
18:11:00.655 [http-nio-8080-exec-83] INFO  c.e.a.i.TenantInterceptor - [preHandle,69] - &&&&&&&&&&& 当前租户:tenant4
18:11:02.816 [http-nio-8080-exec-82] INFO  c.e.a.i.TenantInterceptor - [preHandle,46] - &&&&&&&&&&&&&&&& 租户拦截 &&&&&&&&&&&&&&&&
18:11:02.816 [http-nio-8080-exec-82] INFO  c.e.a.i.TenantInterceptor - [preHandle,69] - &&&&&&&&&&& 当前租户:tenant4
18:11:03.339 [http-nio-8080-exec-86] INFO  c.e.a.i.TenantInterceptor - [preHandle,46] - &&&&&&&&&&&&&&&& 租户拦截 &&&&&&&&&&&&&&&&
18:11:03.339 [http-nio-8080-exec-86] INFO  c.e.a.i.TenantInterceptor - [preHandle,69] - &&&&&&&&&&& 当前租户:tenant4
18:11:04.245 [http-nio-8080-exec-87] INFO  c.e.a.i.TenantInterceptor - [preHandle,46] - &&&&&&&&&&&&&&&& 租户拦截 &&&&&&&&&&&&&&&&
18:11:04.245 [http-nio-8080-exec-87] INFO  c.e.a.i.TenantInterceptor - [preHandle,69] - &&&&&&&&&&& 当前租户:tenant4
18:11:04.867 [http-nio-8080-exec-89] INFO  c.e.a.i.TenantInterceptor - [preHandle,46] - &&&&&&&&&&&&&&&& 租户拦截 &&&&&&&&&&&&&&&&
18:11:04.867 [http-nio-8080-exec-89] INFO  c.e.a.i.TenantInterceptor - [preHandle,69] - &&&&&&&&&&& 当前租户:tenant4
18:11:07.384 [http-nio-8080-exec-91] INFO  c.e.a.i.TenantInterceptor - [preHandle,46] - &&&&&&&&&&&&&&&& 租户拦截 &&&&&&&&&&&&&&&&
18:11:07.384 [http-nio-8080-exec-91] INFO  c.e.a.i.TenantInterceptor - [preHandle,69] - &&&&&&&&&&& 当前租户:tenant4
18:11:09.817 [http-nio-8080-exec-90] INFO  c.e.a.i.TenantInterceptor - [preHandle,46] - &&&&&&&&&&&&&&&& 租户拦截 &&&&&&&&&&&&&&&&
18:11:09.817 [http-nio-8080-exec-90] INFO  c.e.a.i.TenantInterceptor - [preHandle,69] - &&&&&&&&&&& 当前租户:tenant4
18:11:11.874 [http-nio-8080-exec-88] INFO  c.e.a.i.TenantInterceptor - [preHandle,46] - &&&&&&&&&&&&&&&& 租户拦截 &&&&&&&&&&&&&&&&
18:11:11.874 [http-nio-8080-exec-88] INFO  c.e.a.i.TenantInterceptor - [preHandle,69] - &&&&&&&&&&& 当前租户:tenant4
18:11:12.647 [http-nio-8080-exec-92] INFO  c.e.a.i.TenantInterceptor - [preHandle,46] - &&&&&&&&&&&&&&&& 租户拦截 &&&&&&&&&&&&&&&&
18:11:12.647 [http-nio-8080-exec-92] INFO  c.e.a.i.TenantInterceptor - [preHandle,69] - &&&&&&&&&&& 当前租户:tenant4
18:11:13.754 [http-nio-8080-exec-95] INFO  c.e.a.i.TenantInterceptor - [preHandle,46] - &&&&&&&&&&&&&&&& 租户拦截 &&&&&&&&&&&&&&&&
18:11:13.754 [http-nio-8080-exec-95] INFO  c.e.a.i.TenantInterceptor - [preHandle,69] - &&&&&&&&&&& 当前租户:tenant4
18:11:14.798 [http-nio-8080-exec-93] INFO  c.e.a.i.TenantInterceptor - [preHandle,46] - &&&&&&&&&&&&&&&& 租户拦截 &&&&&&&&&&&&&&&&
18:11:14.798 [http-nio-8080-exec-93] INFO  c.e.a.i.TenantInterceptor - [preHandle,69] - &&&&&&&&&&& 当前租户:tenant4
18:11:18.644 [http-nio-8080-exec-94] INFO  c.e.a.i.TenantInterceptor - [preHandle,46] - &&&&&&&&&&&&&&&& 租户拦截 &&&&&&&&&&&&&&&&
18:11:18.644 [http-nio-8080-exec-94] INFO  c.e.a.i.TenantInterceptor - [preHandle,69] - &&&&&&&&&&& 当前租户:tenant4
18:12:13.272 [http-nio-8080-exec-96] INFO  c.e.a.i.TenantInterceptor - [preHandle,46] - &&&&&&&&&&&&&&&& 租户拦截 &&&&&&&&&&&&&&&&
18:12:13.272 [http-nio-8080-exec-96] INFO  c.e.a.i.TenantInterceptor - [preHandle,69] - &&&&&&&&&&& 当前租户:tenant4
18:12:35.129 [http-nio-8080-exec-97] INFO  c.e.a.i.TenantInterceptor - [preHandle,46] - &&&&&&&&&&&&&&&& 租户拦截 &&&&&&&&&&&&&&&&
18:12:35.129 [http-nio-8080-exec-97] INFO  c.e.a.i.TenantInterceptor - [preHandle,69] - &&&&&&&&&&& 当前租户:tenant4
18:12:44.130 [http-nio-8080-exec-99] INFO  c.e.a.i.TenantInterceptor - [preHandle,46] - &&&&&&&&&&&&&&&& 租户拦截 &&&&&&&&&&&&&&&&
18:12:44.130 [http-nio-8080-exec-99] INFO  c.e.a.i.TenantInterceptor - [preHandle,69] - &&&&&&&&&&& 当前租户:tenant4
18:12:44.434 [http-nio-8080-exec-100] INFO  c.e.a.i.TenantInterceptor - [preHandle,46] - &&&&&&&&&&&&&&&& 租户拦截 &&&&&&&&&&&&&&&&
18:12:44.434 [http-nio-8080-exec-1] INFO  c.e.a.i.TenantInterceptor - [preHandle,46] - &&&&&&&&&&&&&&&& 租户拦截 &&&&&&&&&&&&&&&&
18:12:44.434 [http-nio-8080-exec-100] INFO  c.e.a.i.TenantInterceptor - [preHandle,69] - &&&&&&&&&&& 当前租户:tenant4
18:12:44.434 [http-nio-8080-exec-1] INFO  c.e.a.i.TenantInterceptor - [preHandle,69] - &&&&&&&&&&& 当前租户:tenant4
18:12:45.196 [http-nio-8080-exec-6] INFO  c.e.a.i.TenantInterceptor - [preHandle,46] - &&&&&&&&&&&&&&&& 租户拦截 &&&&&&&&&&&&&&&&
18:12:45.196 [http-nio-8080-exec-2] INFO  c.e.a.i.TenantInterceptor - [preHandle,46] - &&&&&&&&&&&&&&&& 租户拦截 &&&&&&&&&&&&&&&&
18:12:45.196 [http-nio-8080-exec-6] INFO  c.e.a.i.TenantInterceptor - [preHandle,69] - &&&&&&&&&&& 当前租户:tenant4
18:12:45.196 [http-nio-8080-exec-2] INFO  c.e.a.i.TenantInterceptor - [preHandle,69] - &&&&&&&&&&& 当前租户:tenant4
18:12:46.298 [http-nio-8080-exec-3] INFO  c.e.a.i.TenantInterceptor - [preHandle,46] - &&&&&&&&&&&&&&&& 租户拦截 &&&&&&&&&&&&&&&&
18:12:46.298 [http-nio-8080-exec-3] INFO  c.e.a.i.TenantInterceptor - [preHandle,69] - &&&&&&&&&&& 当前租户:tenant4
18:12:46.604 [http-nio-8080-exec-5] INFO  c.e.a.i.TenantInterceptor - [preHandle,46] - &&&&&&&&&&&&&&&& 租户拦截 &&&&&&&&&&&&&&&&
18:12:46.606 [http-nio-8080-exec-5] INFO  c.e.a.i.TenantInterceptor - [preHandle,69] - &&&&&&&&&&& 当前租户:tenant4
18:12:46.606 [http-nio-8080-exec-4] INFO  c.e.a.i.TenantInterceptor - [preHandle,46] - &&&&&&&&&&&&&&&& 租户拦截 &&&&&&&&&&&&&&&&
18:12:46.606 [http-nio-8080-exec-4] INFO  c.e.a.i.TenantInterceptor - [preHandle,69] - &&&&&&&&&&& 当前租户:tenant4
18:12:47.754 [http-nio-8080-exec-8] INFO  c.e.a.i.TenantInterceptor - [preHandle,46] - &&&&&&&&&&&&&&&& 租户拦截 &&&&&&&&&&&&&&&&
18:12:47.754 [http-nio-8080-exec-8] INFO  c.e.a.i.TenantInterceptor - [preHandle,69] - &&&&&&&&&&& 当前租户:tenant4
18:12:47.754 [http-nio-8080-exec-7] INFO  c.e.a.i.TenantInterceptor - [preHandle,46] - &&&&&&&&&&&&&&&& 租户拦截 &&&&&&&&&&&&&&&&
18:12:47.754 [http-nio-8080-exec-7] INFO  c.e.a.i.TenantInterceptor - [preHandle,69] - &&&&&&&&&&& 当前租户:tenant4
18:12:48.044 [http-nio-8080-exec-9] INFO  c.e.a.i.TenantInterceptor - [preHandle,46] - &&&&&&&&&&&&&&&& 租户拦截 &&&&&&&&&&&&&&&&
18:12:48.044 [http-nio-8080-exec-9] INFO  c.e.a.i.TenantInterceptor - [preHandle,69] - &&&&&&&&&&& 当前租户:tenant4
18:12:48.344 [http-nio-8080-exec-10] INFO  c.e.a.i.TenantInterceptor - [preHandle,46] - &&&&&&&&&&&&&&&& 租户拦截 &&&&&&&&&&&&&&&&
18:12:48.344 [http-nio-8080-exec-10] INFO  c.e.a.i.TenantInterceptor - [preHandle,69] - &&&&&&&&&&& 当前租户:tenant4
18:12:49.144 [http-nio-8080-exec-12] INFO  c.e.a.i.TenantInterceptor - [preHandle,46] - &&&&&&&&&&&&&&&& 租户拦截 &&&&&&&&&&&&&&&&
18:12:49.144 [http-nio-8080-exec-11] INFO  c.e.a.i.TenantInterceptor - [preHandle,46] - &&&&&&&&&&&&&&&& 租户拦截 &&&&&&&&&&&&&&&&
18:12:49.144 [http-nio-8080-exec-12] INFO  c.e.a.i.TenantInterceptor - [preHandle,69] - &&&&&&&&&&& 当前租户:tenant4
18:12:49.144 [http-nio-8080-exec-11] INFO  c.e.a.i.TenantInterceptor - [preHandle,69] - &&&&&&&&&&& 当前租户:tenant4
18:12:49.581 [http-nio-8080-exec-13] INFO  c.e.a.i.TenantInterceptor - [preHandle,46] - &&&&&&&&&&&&&&&& 租户拦截 &&&&&&&&&&&&&&&&
18:12:49.581 [http-nio-8080-exec-13] INFO  c.e.a.i.TenantInterceptor - [preHandle,69] - &&&&&&&&&&& 当前租户:tenant4
18:12:49.886 [http-nio-8080-exec-15] INFO  c.e.a.i.TenantInterceptor - [preHandle,46] - &&&&&&&&&&&&&&&& 租户拦截 &&&&&&&&&&&&&&&&
18:12:49.886 [http-nio-8080-exec-15] INFO  c.e.a.i.TenantInterceptor - [preHandle,69] - &&&&&&&&&&& 当前租户:tenant4
18:12:49.886 [http-nio-8080-exec-14] INFO  c.e.a.i.TenantInterceptor - [preHandle,46] - &&&&&&&&&&&&&&&& 租户拦截 &&&&&&&&&&&&&&&&
18:12:49.886 [http-nio-8080-exec-14] INFO  c.e.a.i.TenantInterceptor - [preHandle,69] - &&&&&&&&&&& 当前租户:tenant4
18:12:51.588 [http-nio-8080-exec-18] INFO  c.e.a.i.TenantInterceptor - [preHandle,46] - &&&&&&&&&&&&&&&& 租户拦截 &&&&&&&&&&&&&&&&
18:12:51.588 [http-nio-8080-exec-18] INFO  c.e.a.i.TenantInterceptor - [preHandle,69] - &&&&&&&&&&& 当前租户:tenant4
18:12:51.588 [http-nio-8080-exec-16] INFO  c.e.a.i.TenantInterceptor - [preHandle,46] - &&&&&&&&&&&&&&&& 租户拦截 &&&&&&&&&&&&&&&&
18:12:51.588 [http-nio-8080-exec-16] INFO  c.e.a.i.TenantInterceptor - [preHandle,69] - &&&&&&&&&&& 当前租户:tenant4
18:12:52.684 [http-nio-8080-exec-17] INFO  c.e.a.i.TenantInterceptor - [preHandle,46] - &&&&&&&&&&&&&&&& 租户拦截 &&&&&&&&&&&&&&&&
18:12:52.684 [http-nio-8080-exec-17] INFO  c.e.a.i.TenantInterceptor - [preHandle,69] - &&&&&&&&&&& 当前租户:tenant4
18:12:52.989 [http-nio-8080-exec-21] INFO  c.e.a.i.TenantInterceptor - [preHandle,46] - &&&&&&&&&&&&&&&& 租户拦截 &&&&&&&&&&&&&&&&
18:12:52.989 [http-nio-8080-exec-21] INFO  c.e.a.i.TenantInterceptor - [preHandle,69] - &&&&&&&&&&& 当前租户:tenant4
18:12:52.989 [http-nio-8080-exec-19] INFO  c.e.a.i.TenantInterceptor - [preHandle,46] - &&&&&&&&&&&&&&&& 租户拦截 &&&&&&&&&&&&&&&&
18:12:52.989 [http-nio-8080-exec-19] INFO  c.e.a.i.TenantInterceptor - [preHandle,69] - &&&&&&&&&&& 当前租户:tenant4
18:12:54.597 [http-nio-8080-exec-20] INFO  c.e.a.i.TenantInterceptor - [preHandle,46] - &&&&&&&&&&&&&&&& 租户拦截 &&&&&&&&&&&&&&&&
18:12:54.597 [http-nio-8080-exec-20] INFO  c.e.a.i.TenantInterceptor - [preHandle,69] - &&&&&&&&&&& 当前租户:tenant4
18:12:54.597 [http-nio-8080-exec-23] INFO  c.e.a.i.TenantInterceptor - [preHandle,46] - &&&&&&&&&&&&&&&& 租户拦截 &&&&&&&&&&&&&&&&
18:12:54.597 [http-nio-8080-exec-23] INFO  c.e.a.i.TenantInterceptor - [preHandle,69] - &&&&&&&&&&& 当前租户:tenant4
18:12:55.672 [http-nio-8080-exec-22] INFO  c.e.a.i.TenantInterceptor - [preHandle,46] - &&&&&&&&&&&&&&&& 租户拦截 &&&&&&&&&&&&&&&&
18:12:55.672 [http-nio-8080-exec-22] INFO  c.e.a.i.TenantInterceptor - [preHandle,69] - &&&&&&&&&&& 当前租户:tenant4
18:12:57.204 [http-nio-8080-exec-25] INFO  c.e.a.i.TenantInterceptor - [preHandle,46] - &&&&&&&&&&&&&&&& 租户拦截 &&&&&&&&&&&&&&&&
18:12:57.204 [http-nio-8080-exec-25] INFO  c.e.a.i.TenantInterceptor - [preHandle,69] - &&&&&&&&&&& 当前租户:tenant4
18:12:57.204 [http-nio-8080-exec-24] INFO  c.e.a.i.TenantInterceptor - [preHandle,46] - &&&&&&&&&&&&&&&& 租户拦截 &&&&&&&&&&&&&&&&
18:12:57.204 [http-nio-8080-exec-24] INFO  c.e.a.i.TenantInterceptor - [preHandle,69] - &&&&&&&&&&& 当前租户:tenant4
18:12:59.568 [http-nio-8080-exec-26] INFO  c.e.a.i.TenantInterceptor - [preHandle,46] - &&&&&&&&&&&&&&&& 租户拦截 &&&&&&&&&&&&&&&&
18:12:59.568 [http-nio-8080-exec-26] INFO  c.e.a.i.TenantInterceptor - [preHandle,69] - &&&&&&&&&&& 当前租户:tenant4
18:13:02.788 [http-nio-8080-exec-31] INFO  c.e.a.i.TenantInterceptor - [preHandle,46] - &&&&&&&&&&&&&&&& 租户拦截 &&&&&&&&&&&&&&&&
18:13:02.788 [http-nio-8080-exec-31] INFO  c.e.a.i.TenantInterceptor - [preHandle,69] - &&&&&&&&&&& 当前租户:tenant4
18:13:02.788 [http-nio-8080-exec-27] INFO  c.e.a.i.TenantInterceptor - [preHandle,46] - &&&&&&&&&&&&&&&& 租户拦截 &&&&&&&&&&&&&&&&
18:13:02.788 [http-nio-8080-exec-27] INFO  c.e.a.i.TenantInterceptor - [preHandle,69] - &&&&&&&&&&& 当前租户:tenant4
18:13:03.473 [http-nio-8080-exec-28] INFO  c.e.a.i.TenantInterceptor - [preHandle,46] - &&&&&&&&&&&&&&&& 租户拦截 &&&&&&&&&&&&&&&&
18:13:03.473 [http-nio-8080-exec-28] INFO  c.e.a.i.TenantInterceptor - [preHandle,69] - &&&&&&&&&&& 当前租户:tenant4
18:13:03.778 [http-nio-8080-exec-32] INFO  c.e.a.i.TenantInterceptor - [preHandle,46] - &&&&&&&&&&&&&&&& 租户拦截 &&&&&&&&&&&&&&&&
18:13:03.778 [http-nio-8080-exec-32] INFO  c.e.a.i.TenantInterceptor - [preHandle,69] - &&&&&&&&&&& 当前租户:tenant4
18:13:04.724 [http-nio-8080-exec-30] INFO  c.e.a.i.TenantInterceptor - [preHandle,46] - &&&&&&&&&&&&&&&& 租户拦截 &&&&&&&&&&&&&&&&
18:13:04.724 [http-nio-8080-exec-33] INFO  c.e.a.i.TenantInterceptor - [preHandle,46] - &&&&&&&&&&&&&&&& 租户拦截 &&&&&&&&&&&&&&&&
18:13:04.724 [http-nio-8080-exec-30] INFO  c.e.a.i.TenantInterceptor - [preHandle,69] - &&&&&&&&&&& 当前租户:tenant4
18:13:04.724 [http-nio-8080-exec-29] INFO  c.e.a.i.TenantInterceptor - [preHandle,46] - &&&&&&&&&&&&&&&& 租户拦截 &&&&&&&&&&&&&&&&
18:13:04.724 [http-nio-8080-exec-33] INFO  c.e.a.i.TenantInterceptor - [preHandle,69] - &&&&&&&&&&& 当前租户:tenant4
18:13:04.724 [http-nio-8080-exec-29] INFO  c.e.a.i.TenantInterceptor - [preHandle,69] - &&&&&&&&&&& 当前租户:tenant4
18:13:05.541 [http-nio-8080-exec-34] INFO  c.e.a.i.TenantInterceptor - [preHandle,46] - &&&&&&&&&&&&&&&& 租户拦截 &&&&&&&&&&&&&&&&
18:13:05.541 [http-nio-8080-exec-34] INFO  c.e.a.i.TenantInterceptor - [preHandle,69] - &&&&&&&&&&& 当前租户:tenant4
18:13:05.844 [http-nio-8080-exec-37] INFO  c.e.a.i.TenantInterceptor - [preHandle,46] - &&&&&&&&&&&&&&&& 租户拦截 &&&&&&&&&&&&&&&&
18:13:05.845 [http-nio-8080-exec-37] INFO  c.e.a.i.TenantInterceptor - [preHandle,69] - &&&&&&&&&&& 当前租户:tenant4
18:13:07.134 [http-nio-8080-exec-36] INFO  c.e.a.i.TenantInterceptor - [preHandle,46] - &&&&&&&&&&&&&&&& 租户拦截 &&&&&&&&&&&&&&&&
18:13:07.134 [http-nio-8080-exec-38] INFO  c.e.a.i.TenantInterceptor - [preHandle,46] - &&&&&&&&&&&&&&&& 租户拦截 &&&&&&&&&&&&&&&&
18:13:07.137 [http-nio-8080-exec-39] INFO  c.e.a.i.TenantInterceptor - [preHandle,46] - &&&&&&&&&&&&&&&& 租户拦截 &&&&&&&&&&&&&&&&
18:13:07.137 [http-nio-8080-exec-35] INFO  c.e.a.i.TenantInterceptor - [preHandle,46] - &&&&&&&&&&&&&&&& 租户拦截 &&&&&&&&&&&&&&&&
18:13:07.137 [http-nio-8080-exec-40] INFO  c.e.a.i.TenantInterceptor - [preHandle,46] - &&&&&&&&&&&&&&&& 租户拦截 &&&&&&&&&&&&&&&&
18:13:07.137 [http-nio-8080-exec-36] INFO  c.e.a.i.TenantInterceptor - [preHandle,69] - &&&&&&&&&&& 当前租户:tenant4
18:13:07.137 [http-nio-8080-exec-38] INFO  c.e.a.i.TenantInterceptor - [preHandle,69] - &&&&&&&&&&& 当前租户:tenant4
18:13:07.137 [http-nio-8080-exec-39] INFO  c.e.a.i.TenantInterceptor - [preHandle,69] - &&&&&&&&&&& 当前租户:tenant4
18:13:07.137 [http-nio-8080-exec-35] INFO  c.e.a.i.TenantInterceptor - [preHandle,69] - &&&&&&&&&&& 当前租户:tenant4
18:13:07.137 [http-nio-8080-exec-40] INFO  c.e.a.i.TenantInterceptor - [preHandle,69] - &&&&&&&&&&& 当前租户:tenant4
