21:22:13.937 [restartedMain] INFO  c.e.ErpCrmApplication - [logStarting,55] - Starting ErpCrmApplication using Java 1.8.0_144 on UNKNNOW with PID 38920 (D:\projects\erp-crm\center\target\classes started by 14280 in D:\projects\erp-crm)
21:22:13.937 [background-preinit] INFO  o.h.v.i.util.Version - [<clinit>,21] - HV000001: Hibernate Validator 6.2.0.Final
21:22:13.942 [restartedMain] INFO  c.e.ErpCrmApplication - [logStartupProfileInfo,674] - The following profiles are active: druid
21:22:16.439 [restartedMain] INFO  o.a.c.h.Http11NioProtocol - [log,173] - Initializing ProtocolHandler ["http-nio-8083"]
21:22:16.440 [restartedMain] INFO  o.a.c.c.StandardService - [log,173] - Starting service [Tomcat]
21:22:16.440 [restartedMain] INFO  o.a.c.c.StandardEngine - [log,173] - Starting Servlet engine: [Apache Tomcat/9.0.56]
21:22:16.504 [restartedMain] INFO  o.a.c.c.C.[.[.[/] - [log,173] - Initializing Spring embedded WebApplicationContext
21:22:17.490 [restartedMain] INFO  c.a.c.c.AjCaptchaServiceAutoConfiguration - [captchaService,33] - 自定义配置项：
AjCaptchaProperties{type=DEFAULT, jigsaw='classpath:images/jigsaw', picClick='classpath:images/pic-click', waterMark='我的水印', waterFont='WenQuanZhengHei.ttf', fontType='WenQuanZhengHei.ttf', slipOffset='5', aesStatus=true, interferenceOptions='2', cacheNumber='1000', timingClear='180', cacheType=local, reqFrequencyLimitEnable=false, reqGetLockLimit=5, reqGetLockSeconds=360, reqGetMinuteLimit=30, reqCheckMinuteLimit=30, reqVerifyMinuteLimit=100}
21:22:17.522 [restartedMain] INFO  c.a.c.u.ImageUtils - [cacheBootImage,58] - 自定义resource底图:[SLIDING_BLOCK=[Ljava.lang.String;@76910143, ORIGINAL=[Ljava.lang.String;@32038ffb, PIC_CLICK=[Ljava.lang.String;@6b63d3c5]
21:22:17.524 [restartedMain] INFO  c.a.c.s.i.CaptchaServiceFactory - [<clinit>,52] - supported-captchaCache-service:[redis, local]
21:22:17.526 [restartedMain] INFO  c.a.c.s.i.CaptchaServiceFactory - [<clinit>,58] - supported-captchaTypes-service:[clickWord, default, blockPuzzle]
21:22:17.526 [restartedMain] INFO  c.a.c.s.i.ClickWordCaptchaServiceImpl - [init,76] - --->>>初始化验证码底图<<<---clickWord
21:22:17.625 [restartedMain] INFO  c.a.c.s.i.ClickWordCaptchaServiceImpl - [init,92] - 初始化local缓存...
21:22:17.702 [restartedMain] INFO  c.a.c.s.i.BlockPuzzleCaptchaServiceImpl - [init,76] - --->>>初始化验证码底图<<<---blockPuzzle
21:22:17.779 [restartedMain] INFO  c.a.c.s.i.BlockPuzzleCaptchaServiceImpl - [init,92] - 初始化local缓存...
21:22:19.288 [restartedMain] INFO  o.a.c.h.Http11NioProtocol - [log,173] - Starting ProtocolHandler ["http-nio-8083"]
21:22:19.472 [restartedMain] INFO  c.e.ErpCrmApplication - [logStarted,61] - Started ErpCrmApplication in 5.824 seconds (JVM running for 7.394)
21:22:30.957 [http-nio-8083-exec-1] INFO  o.a.t.u.h.p.Cookie - [log,173] - A cookie header was received [1695111133; username=admin; rememberMe=true; tenant=test01; password=Yk9dPayrNpTMdRxTYmTzJYWygjKpmzJBfDpzu9iwGpOlr5PjclQD8zwJyxTkO5rSK4YIEsGaYkBn8WojXRH1hw==; Tenant-Key=test01; Admin-Token=eyJhbGciOiJIUzUxMiJ9.eyJ0ZW5hbnQiOiJ0ZXN0MDEiLCJsb2dpbl91c2VyX2tleSI6IjViNDkwYTJjLTA1NWMtNDE0ZC1iMzA2LTlhNzcyNmQzMGVhMyJ9.dhqawhnhpsY79I_QeqRBj6qXmMkx4l0E9g_k-LD_h0JzkNrbsQ4Js8H5g-EbwZLavZl_Q_J3NduqGiilIQAn6Q; Hm_lpvt_3001eae9cdf02ed76cee8bac226bbb67=1695216095] that contained an invalid cookie. That cookie will be ignored.
 Note: further occurrences of this error will be logged at DEBUG level.
21:22:30.965 [http-nio-8083-exec-1] INFO  o.a.c.c.C.[.[.[/] - [log,173] - Initializing Spring DispatcherServlet 'dispatcherServlet'
21:22:36.470 [http-nio-8083-exec-3] INFO  c.e.a.i.TenantInterceptor - [preHandle,46] - &&&&&&&&&&&&&&&& 租户拦截 &&&&&&&&&&&&&&&&
21:22:36.520 [http-nio-8083-exec-3] INFO  c.a.d.p.DruidDataSource - [init,998] - {dataSource-1} inited
21:22:36.656 [http-nio-8083-exec-3] INFO  c.e.a.i.TenantInterceptor - [preHandle,67] - &&&&&&&&&&& 已设置租户:test01 连接信息: MasterTenant(id=36, tenant=test01, url=jdbc:mysql://localhost:3306/ec_Ki6YWWGt?useUnicode=true&characterEncoding=utf8&zeroDateTimeBehavior=convertToNull&useSSL=true&serverTimezone=GMT%2B8, databaseName=ec_Ki6YWWGt, username=ec_Ki6YWWGt, password=4oigCAti, hostName=null, status=1, expirationDate=Tue Sep 26 16:59:22 GMT+08:00 2023)
21:22:36.720 [schedule-pool-1] INFO  sys-user - [run,59] - [127.0.0.1]内网IP[admin][Error][验证码已失效]
21:22:37.935 [http-nio-8083-exec-4] INFO  c.e.a.i.TenantInterceptor - [preHandle,46] - &&&&&&&&&&&&&&&& 租户拦截 &&&&&&&&&&&&&&&&
21:22:37.935 [http-nio-8083-exec-4] INFO  c.e.a.i.TenantInterceptor - [preHandle,69] - &&&&&&&&&&& 当前租户:test01
21:22:37.949 [schedule-pool-1] INFO  sys-user - [run,59] - [127.0.0.1]内网IP[admin][Error][验证码已失效]
21:29:42.859 [http-nio-8083-exec-5] INFO  c.e.a.i.TenantInterceptor - [preHandle,46] - &&&&&&&&&&&&&&&& 租户拦截 &&&&&&&&&&&&&&&&
21:29:42.863 [http-nio-8083-exec-5] INFO  c.e.a.i.TenantInterceptor - [preHandle,69] - &&&&&&&&&&& 当前租户:test01
21:29:42.880 [schedule-pool-2] INFO  sys-user - [run,59] - [127.0.0.1]内网IP[admin][Error][验证码已失效]
